{"/home/pietro/workspace/ark/trixie-wallet/app/services/arkade/activity-history.ts": {"path":"/home/pietro/workspace/ark/trixie-wallet/app/services/arkade/activity-history.ts","statementMap":{"0":{"start":{"line":27,"column":2},"end":{"line":27,"column":37}},"1":{"start":{"line":33,"column":14},"end":{"line":33,"column":16}},"2":{"start":{"line":34,"column":2},"end":{"line":34,"column":50}},"3":{"start":{"line":34,"column":25},"end":{"line":34,"column":50}},"4":{"start":{"line":35,"column":2},"end":{"line":35,"column":15}},"5":{"start":{"line":39,"column":14},"end":{"line":39,"column":39}},"6":{"start":{"line":40,"column":2},"end":{"line":45,"column":3}},"7":{"start":{"line":41,"column":4},"end":{"line":41,"column":28}},"8":{"start":{"line":41,"column":19},"end":{"line":41,"column":28}},"9":{"start":{"line":42,"column":4},"end":{"line":44,"column":5}},"10":{"start":{"line":43,"column":6},"end":{"line":43,"column":64}},"11":{"start":{"line":46,"column":23},"end":{"line":46,"column":25}},"12":{"start":{"line":47,"column":2},"end":{"line":49,"column":3}},"13":{"start":{"line":48,"column":4},"end":{"line":48,"column":53}},"14":{"start":{"line":48,"column":23},"end":{"line":48,"column":53}},"15":{"start":{"line":50,"column":2},"end":{"line":50,"column":13}},"16":{"start":{"line":62,"column":14},"end":{"line":62,"column":39}},"17":{"start":{"line":63,"column":2},"end":{"line":68,"column":3}},"18":{"start":{"line":64,"column":4},"end":{"line":64,"column":28}},"19":{"start":{"line":64,"column":19},"end":{"line":64,"column":28}},"20":{"start":{"line":65,"column":4},"end":{"line":67,"column":5}},"21":{"start":{"line":66,"column":6},"end":{"line":66,"column":64}},"22":{"start":{"line":69,"column":2},"end":{"line":74,"column":3}},"23":{"start":{"line":70,"column":4},"end":{"line":70,"column":28}},"24":{"start":{"line":70,"column":19},"end":{"line":70,"column":28}},"25":{"start":{"line":71,"column":4},"end":{"line":73,"column":5}},"26":{"start":{"line":72,"column":6},"end":{"line":72,"column":64}},"27":{"start":{"line":75,"column":23},"end":{"line":75,"column":25}},"28":{"start":{"line":76,"column":2},"end":{"line":78,"column":3}},"29":{"start":{"line":77,"column":4},"end":{"line":77,"column":53}},"30":{"start":{"line":77,"column":23},"end":{"line":77,"column":53}},"31":{"start":{"line":79,"column":2},"end":{"line":79,"column":13}},"32":{"start":{"line":86,"column":2},"end":{"line":86,"column":41}},"33":{"start":{"line":123,"column":22},"end":{"line":123,"column":42}},"34":{"start":{"line":124,"column":24},"end":{"line":124,"column":46}},"35":{"start":{"line":125,"column":21},"end":{"line":125,"column":61}},"36":{"start":{"line":126,"column":24},"end":{"line":126,"column":45}},"37":{"start":{"line":128,"column":2},"end":{"line":135,"column":3}},"38":{"start":{"line":129,"column":4},"end":{"line":134,"column":6}},"39":{"start":{"line":137,"column":2},"end":{"line":154,"column":3}},"40":{"start":{"line":138,"column":4},"end":{"line":147,"column":5}},"41":{"start":{"line":146,"column":6},"end":{"line":146,"column":61}},"42":{"start":{"line":148,"column":4},"end":{"line":153,"column":6}},"43":{"start":{"line":156,"column":2},"end":{"line":172,"column":3}},"44":{"start":{"line":160,"column":21},"end":{"line":160,"column":48}},"45":{"start":{"line":161,"column":4},"end":{"line":167,"column":5}},"46":{"start":{"line":162,"column":6},"end":{"line":166,"column":8}},"47":{"start":{"line":168,"column":4},"end":{"line":170,"column":5}},"48":{"start":{"line":169,"column":6},"end":{"line":169,"column":71}},"49":{"start":{"line":171,"column":4},"end":{"line":171,"column":52}},"50":{"start":{"line":174,"column":2},"end":{"line":176,"column":3}},"51":{"start":{"line":175,"column":4},"end":{"line":175,"column":52}},"52":{"start":{"line":177,"column":2},"end":{"line":179,"column":3}},"53":{"start":{"line":178,"column":4},"end":{"line":178,"column":41}},"54":{"start":{"line":181,"column":16},"end":{"line":181,"column":43}},"55":{"start":{"line":182,"column":2},"end":{"line":184,"column":3}},"56":{"start":{"line":183,"column":4},"end":{"line":183,"column":59}},"57":{"start":{"line":185,"column":2},"end":{"line":191,"column":3}},"58":{"start":{"line":186,"column":4},"end":{"line":190,"column":6}},"59":{"start":{"line":192,"column":2},"end":{"line":196,"column":4}},"60":{"start":{"line":204,"column":2},"end":{"line":204,"column":59}},"61":{"start":{"line":221,"column":2},"end":{"line":221,"column":60}},"62":{"start":{"line":221,"column":36},"end":{"line":221,"column":60}},"63":{"start":{"line":222,"column":22},"end":{"line":222,"column":65}},"64":{"start":{"line":222,"column":51},"end":{"line":222,"column":64}},"65":{"start":{"line":223,"column":22},"end":{"line":223,"column":65}},"66":{"start":{"line":223,"column":51},"end":{"line":223,"column":64}},"67":{"start":{"line":225,"column":2},"end":{"line":230,"column":3}},"68":{"start":{"line":226,"column":4},"end":{"line":226,"column":69}},"69":{"start":{"line":226,"column":47},"end":{"line":226,"column":69}},"70":{"start":{"line":227,"column":4},"end":{"line":227,"column":69}},"71":{"start":{"line":227,"column":47},"end":{"line":227,"column":69}},"72":{"start":{"line":228,"column":4},"end":{"line":228,"column":41}},"73":{"start":{"line":228,"column":21},"end":{"line":228,"column":41}},"74":{"start":{"line":229,"column":4},"end":{"line":229,"column":28}},"75":{"start":{"line":231,"column":2},"end":{"line":231,"column":43}},"76":{"start":{"line":231,"column":19},"end":{"line":231,"column":43}},"77":{"start":{"line":232,"column":2},"end":{"line":232,"column":26}},"78":{"start":{"line":236,"column":2},"end":{"line":247,"column":3}},"79":{"start":{"line":238,"column":6},"end":{"line":238,"column":28}},"80":{"start":{"line":240,"column":6},"end":{"line":240,"column":28}},"81":{"start":{"line":242,"column":6},"end":{"line":242,"column":26}},"82":{"start":{"line":244,"column":6},"end":{"line":244,"column":30}},"83":{"start":{"line":246,"column":6},"end":{"line":246,"column":30}},"84":{"start":{"line":251,"column":2},"end":{"line":251,"column":42}},"85":{"start":{"line":251,"column":30},"end":{"line":251,"column":42}},"86":{"start":{"line":252,"column":2},"end":{"line":252,"column":39}},"87":{"start":{"line":252,"column":26},"end":{"line":252,"column":39}},"88":{"start":{"line":253,"column":2},"end":{"line":253,"column":16}},"89":{"start":{"line":267,"column":14},"end":{"line":271,"column":4}},"90":{"start":{"line":272,"column":18},"end":{"line":272,"column":36}},"91":{"start":{"line":273,"column":13},"end":{"line":273,"column":46}},"92":{"start":{"line":276,"column":54},"end":{"line":282,"column":3}},"93":{"start":{"line":283,"column":2},"end":{"line":283,"column":52}},"94":{"start":{"line":283,"column":20},"end":{"line":283,"column":52}},"95":{"start":{"line":284,"column":2},"end":{"line":298,"column":4}},"96":{"start":{"line":294,"column":40},"end":{"line":297,"column":5}},"97":{"start":{"line":316,"column":2},"end":{"line":316,"column":32}},"98":{"start":{"line":316,"column":16},"end":{"line":316,"column":32}},"99":{"start":{"line":317,"column":2},"end":{"line":317,"column":42}},"100":{"start":{"line":325,"column":13},"end":{"line":325,"column":46}},"101":{"start":{"line":326,"column":20},"end":{"line":326,"column":52}},"102":{"start":{"line":327,"column":31},"end":{"line":327,"column":64}},"103":{"start":{"line":327,"column":56},"end":{"line":327,"column":63}},"104":{"start":{"line":328,"column":47},"end":{"line":328,"column":76}},"105":{"start":{"line":329,"column":34},"end":{"line":329,"column":78}},"106":{"start":{"line":330,"column":18},"end":{"line":330,"column":55}},"107":{"start":{"line":331,"column":25},"end":{"line":335,"column":29}},"108":{"start":{"line":332,"column":4},"end":{"line":335,"column":29}},"109":{"start":{"line":334,"column":21},"end":{"line":334,"column":54}},"110":{"start":{"line":335,"column":19},"end":{"line":335,"column":28}},"111":{"start":{"line":336,"column":2},"end":{"line":342,"column":4}},"112":{"start":{"line":352,"column":17},"end":{"line":354,"column":3}},"113":{"start":{"line":353,"column":14},"end":{"line":353,"column":59}},"114":{"start":{"line":356,"column":33},"end":{"line":356,"column":35}},"115":{"start":{"line":357,"column":54},"end":{"line":357,"column":61}},"116":{"start":{"line":359,"column":2},"end":{"line":376,"column":3}},"117":{"start":{"line":360,"column":25},"end":{"line":360,"column":44}},"118":{"start":{"line":361,"column":4},"end":{"line":361,"column":32}},"119":{"start":{"line":361,"column":23},"end":{"line":361,"column":32}},"120":{"start":{"line":362,"column":60},"end":{"line":362,"column":76}},"121":{"start":{"line":363,"column":4},"end":{"line":363,"column":72}},"122":{"start":{"line":363,"column":25},"end":{"line":363,"column":72}},"123":{"start":{"line":364,"column":4},"end":{"line":375,"column":7}},"124":{"start":{"line":378,"column":24},"end":{"line":378,"column":41}},"125":{"start":{"line":379,"column":2},"end":{"line":387,"column":3}},"126":{"start":{"line":380,"column":27},"end":{"line":380,"column":63}},"127":{"start":{"line":381,"column":4},"end":{"line":383,"column":5}},"128":{"start":{"line":382,"column":6},"end":{"line":382,"column":40}},"129":{"start":{"line":384,"column":4},"end":{"line":386,"column":5}},"130":{"start":{"line":385,"column":6},"end":{"line":385,"column":37}},"131":{"start":{"line":396,"column":28},"end":{"line":396,"column":45}},"132":{"start":{"line":397,"column":28},"end":{"line":409,"column":3}},"133":{"start":{"line":401,"column":4},"end":{"line":407,"column":5}},"134":{"start":{"line":402,"column":27},"end":{"line":402,"column":46}},"135":{"start":{"line":403,"column":6},"end":{"line":403,"column":34}},"136":{"start":{"line":403,"column":25},"end":{"line":403,"column":34}},"137":{"start":{"line":404,"column":6},"end":{"line":404,"column":56}},"138":{"start":{"line":404,"column":47},"end":{"line":404,"column":56}},"139":{"start":{"line":405,"column":6},"end":{"line":405,"column":51}},"140":{"start":{"line":405,"column":42},"end":{"line":405,"column":51}},"141":{"start":{"line":406,"column":6},"end":{"line":406,"column":50}},"142":{"start":{"line":406,"column":40},"end":{"line":406,"column":50}},"143":{"start":{"line":408,"column":4},"end":{"line":408,"column":16}},"144":{"start":{"line":411,"column":2},"end":{"line":771,"column":3}},"145":{"start":{"line":412,"column":18},"end":{"line":412,"column":70}},"146":{"start":{"line":412,"column":39},"end":{"line":412,"column":69}},"147":{"start":{"line":417,"column":20},"end":{"line":421,"column":5}},"148":{"start":{"line":419,"column":8},"end":{"line":420,"column":63}},"149":{"start":{"line":422,"column":28},"end":{"line":422,"column":67}},"150":{"start":{"line":423,"column":19},"end":{"line":427,"column":6}},"151":{"start":{"line":430,"column":6},"end":{"line":432,"column":11}},"152":{"start":{"line":431,"column":41},"end":{"line":431,"column":62}},"153":{"start":{"line":434,"column":6},"end":{"line":436,"column":11}},"154":{"start":{"line":435,"column":39},"end":{"line":435,"column":60}},"155":{"start":{"line":437,"column":21},"end":{"line":437,"column":60}},"156":{"start":{"line":449,"column":15},"end":{"line":449,"column":19}},"157":{"start":{"line":451,"column":4},"end":{"line":485,"column":5}},"158":{"start":{"line":457,"column":8},"end":{"line":461,"column":55}},"159":{"start":{"line":463,"column":6},"end":{"line":472,"column":7}},"160":{"start":{"line":464,"column":22},"end":{"line":464,"column":54}},"161":{"start":{"line":465,"column":8},"end":{"line":471,"column":9}},"162":{"start":{"line":466,"column":10},"end":{"line":466,"column":56}},"163":{"start":{"line":467,"column":10},"end":{"line":470,"column":12}},"164":{"start":{"line":473,"column":11},"end":{"line":485,"column":5}},"165":{"start":{"line":479,"column":20},"end":{"line":479,"column":66}},"166":{"start":{"line":480,"column":6},"end":{"line":480,"column":63}},"167":{"start":{"line":480,"column":17},"end":{"line":480,"column":63}},"168":{"start":{"line":481,"column":6},"end":{"line":484,"column":8}},"169":{"start":{"line":487,"column":4},"end":{"line":515,"column":5}},"170":{"start":{"line":488,"column":54},"end":{"line":491,"column":7}},"171":{"start":{"line":492,"column":6},"end":{"line":494,"column":7}},"172":{"start":{"line":493,"column":8},"end":{"line":493,"column":60}},"173":{"start":{"line":495,"column":6},"end":{"line":508,"column":9}},"174":{"start":{"line":512,"column":6},"end":{"line":514,"column":7}},"175":{"start":{"line":513,"column":8},"end":{"line":513,"column":17}},"176":{"start":{"line":517,"column":4},"end":{"line":770,"column":5}},"177":{"start":{"line":519,"column":56},"end":{"line":519,"column":74}},"178":{"start":{"line":520,"column":8},"end":{"line":520,"column":62}},"179":{"start":{"line":520,"column":27},"end":{"line":520,"column":62}},"180":{"start":{"line":521,"column":8},"end":{"line":532,"column":11}},"181":{"start":{"line":533,"column":8},"end":{"line":533,"column":14}},"182":{"start":{"line":536,"column":8},"end":{"line":547,"column":11}},"183":{"start":{"line":548,"column":8},"end":{"line":548,"column":14}},"184":{"start":{"line":550,"column":8},"end":{"line":571,"column":11}},"185":{"start":{"line":572,"column":8},"end":{"line":572,"column":14}},"186":{"start":{"line":574,"column":8},"end":{"line":596,"column":11}},"187":{"start":{"line":599,"column":8},"end":{"line":599,"column":38}},"188":{"start":{"line":599,"column":32},"end":{"line":599,"column":38}},"189":{"start":{"line":601,"column":63},"end":{"line":605,"column":9}},"190":{"start":{"line":606,"column":8},"end":{"line":606,"column":69}},"191":{"start":{"line":606,"column":27},"end":{"line":606,"column":69}},"192":{"start":{"line":607,"column":8},"end":{"line":618,"column":11}},"193":{"start":{"line":619,"column":8},"end":{"line":619,"column":14}},"194":{"start":{"line":622,"column":8},"end":{"line":644,"column":11}},"195":{"start":{"line":645,"column":8},"end":{"line":663,"column":11}},"196":{"start":{"line":664,"column":8},"end":{"line":664,"column":14}},"197":{"start":{"line":666,"column":61},"end":{"line":668,"column":9}},"198":{"start":{"line":669,"column":8},"end":{"line":669,"column":67}},"199":{"start":{"line":669,"column":27},"end":{"line":669,"column":67}},"200":{"start":{"line":670,"column":8},"end":{"line":681,"column":11}},"201":{"start":{"line":682,"column":8},"end":{"line":692,"column":10}},"202":{"start":{"line":693,"column":8},"end":{"line":693,"column":14}},"203":{"start":{"line":696,"column":8},"end":{"line":707,"column":11}},"204":{"start":{"line":708,"column":8},"end":{"line":718,"column":10}},"205":{"start":{"line":719,"column":8},"end":{"line":719,"column":14}},"206":{"start":{"line":724,"column":8},"end":{"line":734,"column":10}},"207":{"start":{"line":735,"column":8},"end":{"line":735,"column":14}},"208":{"start":{"line":738,"column":8},"end":{"line":738,"column":51}},"209":{"start":{"line":738,"column":45},"end":{"line":738,"column":51}},"210":{"start":{"line":740,"column":10},"end":{"line":742,"column":55}},"211":{"start":{"line":743,"column":8},"end":{"line":767,"column":11}},"212":{"start":{"line":768,"column":8},"end":{"line":768,"column":14}},"213":{"start":{"line":773,"column":31},"end":{"line":773,"column":48}},"214":{"start":{"line":774,"column":34},"end":{"line":774,"column":51}},"215":{"start":{"line":776,"column":2},"end":{"line":858,"column":3}},"216":{"start":{"line":777,"column":4},"end":{"line":814,"column":5}},"217":{"start":{"line":778,"column":30},"end":{"line":778,"column":70}},"218":{"start":{"line":778,"column":49},"end":{"line":778,"column":69}},"219":{"start":{"line":779,"column":6},"end":{"line":813,"column":7}},"220":{"start":{"line":780,"column":8},"end":{"line":780,"column":44}},"221":{"start":{"line":781,"column":23},"end":{"line":781,"column":41}},"222":{"start":{"line":782,"column":19},"end":{"line":782,"column":40}},"223":{"start":{"line":783,"column":8},"end":{"line":812,"column":9}},"224":{"start":{"line":784,"column":10},"end":{"line":794,"column":12}},"225":{"start":{"line":796,"column":65},"end":{"line":798,"column":11}},"226":{"start":{"line":799,"column":10},"end":{"line":799,"column":71}},"227":{"start":{"line":799,"column":29},"end":{"line":799,"column":71}},"228":{"start":{"line":800,"column":10},"end":{"line":811,"column":13}},"229":{"start":{"line":816,"column":4},"end":{"line":857,"column":5}},"230":{"start":{"line":817,"column":6},"end":{"line":817,"column":42}},"231":{"start":{"line":818,"column":22},"end":{"line":818,"column":31}},"232":{"start":{"line":819,"column":23},"end":{"line":819,"column":66}},"233":{"start":{"line":819,"column":44},"end":{"line":819,"column":65}},"234":{"start":{"line":820,"column":22},"end":{"line":820,"column":62}},"235":{"start":{"line":820,"column":43},"end":{"line":820,"column":61}},"236":{"start":{"line":821,"column":23},"end":{"line":821,"column":41}},"237":{"start":{"line":822,"column":24},"end":{"line":822,"column":41}},"238":{"start":{"line":823,"column":23},"end":{"line":823,"column":75}},"239":{"start":{"line":825,"column":8},"end":{"line":828,"column":38}},"240":{"start":{"line":829,"column":21},"end":{"line":829,"column":54}},"241":{"start":{"line":831,"column":6},"end":{"line":856,"column":7}},"242":{"start":{"line":832,"column":8},"end":{"line":842,"column":10}},"243":{"start":{"line":844,"column":8},"end":{"line":855,"column":11}},"244":{"start":{"line":860,"column":2},"end":{"line":860,"column":55}},"245":{"start":{"line":860,"column":28},"end":{"line":860,"column":53}},"246":{"start":{"line":861,"column":2},"end":{"line":861,"column":20}}},"fnMap":{"0":{"name":"activityId","decl":{"start":{"line":26,"column":16},"end":{"line":26,"column":26}},"loc":{"start":{"line":26,"column":74},"end":{"line":28,"column":1}},"line":26},"1":{"name":"sumValue","decl":{"start":{"line":32,"column":16},"end":{"line":32,"column":24}},"loc":{"start":{"line":32,"column":55},"end":{"line":36,"column":1}},"line":32},"2":{"name":"collectAssets","decl":{"start":{"line":38,"column":16},"end":{"line":38,"column":29}},"loc":{"start":{"line":38,"column":61},"end":{"line":51,"column":1}},"line":38},"3":{"name":"subtractAssets","decl":{"start":{"line":58,"column":16},"end":{"line":58,"column":30}},"loc":{"start":{"line":61,"column":11},"end":{"line":80,"column":1}},"line":61},"4":{"name":"assetDeltas","decl":{"start":{"line":82,"column":16},"end":{"line":82,"column":27}},"loc":{"start":{"line":85,"column":11},"end":{"line":87,"column":1}},"line":85},"5":{"name":"decomposeCommitmentGroup","decl":{"start":{"line":118,"column":16},"end":{"line":118,"column":40}},"loc":{"start":{"line":122,"column":28},"end":{"line":197,"column":1}},"line":122},"6":{"name":"isRenewalGroup","decl":{"start":{"line":199,"column":16},"end":{"line":199,"column":30}},"loc":{"start":{"line":203,"column":12},"end":{"line":205,"column":1}},"line":203},"7":{"name":"classifyAssetActivity","decl":{"start":{"line":216,"column":16},"end":{"line":216,"column":37}},"loc":{"start":{"line":220,"column":24},"end":{"line":233,"column":1}},"line":220},"8":{"name":"(anonymous_8)","decl":{"start":{"line":222,"column":44},"end":{"line":222,"column":45}},"loc":{"start":{"line":222,"column":51},"end":{"line":222,"column":64}},"line":222},"9":{"name":"(anonymous_9)","decl":{"start":{"line":223,"column":44},"end":{"line":223,"column":45}},"loc":{"start":{"line":223,"column":51},"end":{"line":223,"column":64}},"line":223},"10":{"name":"assetTitle","decl":{"start":{"line":235,"column":9},"end":{"line":235,"column":19}},"loc":{"start":{"line":235,"column":52},"end":{"line":248,"column":1}},"line":235},"11":{"name":"assetDirection","decl":{"start":{"line":250,"column":9},"end":{"line":250,"column":23}},"loc":{"start":{"line":250,"column":67},"end":{"line":254,"column":1}},"line":250},"12":{"name":"buildAssetActivity","decl":{"start":{"line":256,"column":9},"end":{"line":256,"column":27}},"loc":{"start":{"line":266,"column":13},"end":{"line":299,"column":1}},"line":266},"13":{"name":"(anonymous_13)","decl":{"start":{"line":294,"column":32},"end":{"line":294,"column":33}},"loc":{"start":{"line":294,"column":40},"end":{"line":297,"column":5}},"line":294},"14":{"name":"withNetwork","decl":{"start":{"line":312,"column":9},"end":{"line":312,"column":20}},"loc":{"start":{"line":315,"column":24},"end":{"line":318,"column":1}},"line":315},"15":{"name":"getActivityHistory","decl":{"start":{"line":320,"column":22},"end":{"line":320,"column":40}},"loc":{"start":{"line":324,"column":23},"end":{"line":343,"column":1}},"line":324},"16":{"name":"(anonymous_16)","decl":{"start":{"line":327,"column":49},"end":{"line":327,"column":50}},"loc":{"start":{"line":327,"column":56},"end":{"line":327,"column":63}},"line":327},"17":{"name":"(anonymous_17)","decl":{"start":{"line":331,"column":25},"end":{"line":331,"column":26}},"loc":{"start":{"line":332,"column":4},"end":{"line":335,"column":29}},"line":332},"18":{"name":"(anonymous_18)","decl":{"start":{"line":334,"column":12},"end":{"line":334,"column":13}},"loc":{"start":{"line":334,"column":21},"end":{"line":334,"column":54}},"line":334},"19":{"name":"(anonymous_19)","decl":{"start":{"line":335,"column":13},"end":{"line":335,"column":14}},"loc":{"start":{"line":335,"column":19},"end":{"line":335,"column":28}},"line":335},"20":{"name":"buildActivityHistory","decl":{"start":{"line":345,"column":22},"end":{"line":345,"column":42}},"loc":{"start":{"line":351,"column":23},"end":{"line":862,"column":1}},"line":351},"21":{"name":"(anonymous_21)","decl":{"start":{"line":353,"column":4},"end":{"line":353,"column":5}},"loc":{"start":{"line":353,"column":14},"end":{"line":353,"column":59}},"line":353},"22":{"name":"(anonymous_22)","decl":{"start":{"line":397,"column":28},"end":{"line":397,"column":29}},"loc":{"start":{"line":400,"column":30},"end":{"line":409,"column":3}},"line":400},"23":{"name":"(anonymous_23)","decl":{"start":{"line":412,"column":32},"end":{"line":412,"column":33}},"loc":{"start":{"line":412,"column":39},"end":{"line":412,"column":69}},"line":412},"24":{"name":"(anonymous_24)","decl":{"start":{"line":418,"column":6},"end":{"line":418,"column":7}},"loc":{"start":{"line":419,"column":8},"end":{"line":420,"column":63}},"line":419},"25":{"name":"(anonymous_25)","decl":{"start":{"line":431,"column":34},"end":{"line":431,"column":35}},"loc":{"start":{"line":431,"column":41},"end":{"line":431,"column":62}},"line":431},"26":{"name":"(anonymous_26)","decl":{"start":{"line":435,"column":32},"end":{"line":435,"column":33}},"loc":{"start":{"line":435,"column":39},"end":{"line":435,"column":60}},"line":435},"27":{"name":"(anonymous_27)","decl":{"start":{"line":778,"column":42},"end":{"line":778,"column":43}},"loc":{"start":{"line":778,"column":49},"end":{"line":778,"column":69}},"line":778},"28":{"name":"(anonymous_28)","decl":{"start":{"line":819,"column":37},"end":{"line":819,"column":38}},"loc":{"start":{"line":819,"column":44},"end":{"line":819,"column":65}},"line":819},"29":{"name":"(anonymous_29)","decl":{"start":{"line":820,"column":36},"end":{"line":820,"column":37}},"loc":{"start":{"line":820,"column":43},"end":{"line":820,"column":61}},"line":820},"30":{"name":"(anonymous_30)","decl":{"start":{"line":860,"column":18},"end":{"line":860,"column":19}},"loc":{"start":{"line":860,"column":28},"end":{"line":860,"column":53}},"line":860}},"branchMap":{"0":{"loc":{"start":{"line":41,"column":4},"end":{"line":41,"column":28}},"type":"if","locations":[{"start":{"line":41,"column":4},"end":{"line":41,"column":28}},{"start":{},"end":{}}],"line":41},"1":{"loc":{"start":{"line":43,"column":26},"end":{"line":43,"column":50}},"type":"binary-expr","locations":[{"start":{"line":43,"column":26},"end":{"line":43,"column":44}},{"start":{"line":43,"column":48},"end":{"line":43,"column":50}}],"line":43},"2":{"loc":{"start":{"line":48,"column":4},"end":{"line":48,"column":53}},"type":"if","locations":[{"start":{"line":48,"column":4},"end":{"line":48,"column":53}},{"start":{},"end":{}}],"line":48},"3":{"loc":{"start":{"line":64,"column":4},"end":{"line":64,"column":28}},"type":"if","locations":[{"start":{"line":64,"column":4},"end":{"line":64,"column":28}},{"start":{},"end":{}}],"line":64},"4":{"loc":{"start":{"line":66,"column":26},"end":{"line":66,"column":50}},"type":"binary-expr","locations":[{"start":{"line":66,"column":26},"end":{"line":66,"column":44}},{"start":{"line":66,"column":48},"end":{"line":66,"column":50}}],"line":66},"5":{"loc":{"start":{"line":70,"column":4},"end":{"line":70,"column":28}},"type":"if","locations":[{"start":{"line":70,"column":4},"end":{"line":70,"column":28}},{"start":{},"end":{}}],"line":70},"6":{"loc":{"start":{"line":72,"column":26},"end":{"line":72,"column":50}},"type":"binary-expr","locations":[{"start":{"line":72,"column":26},"end":{"line":72,"column":44}},{"start":{"line":72,"column":48},"end":{"line":72,"column":50}}],"line":72},"7":{"loc":{"start":{"line":77,"column":4},"end":{"line":77,"column":53}},"type":"if","locations":[{"start":{"line":77,"column":4},"end":{"line":77,"column":53}},{"start":{},"end":{}}],"line":77},"8":{"loc":{"start":{"line":128,"column":2},"end":{"line":135,"column":3}},"type":"if","locations":[{"start":{"line":128,"column":2},"end":{"line":135,"column":3}},{"start":{},"end":{}}],"line":128},"9":{"loc":{"start":{"line":128,"column":6},"end":{"line":128,"column":58}},"type":"binary-expr","locations":[{"start":{"line":128,"column":6},"end":{"line":128,"column":29}},{"start":{"line":128,"column":33},"end":{"line":128,"column":58}}],"line":128},"10":{"loc":{"start":{"line":137,"column":2},"end":{"line":154,"column":3}},"type":"if","locations":[{"start":{"line":137,"column":2},"end":{"line":154,"column":3}},{"start":{},"end":{}}],"line":137},"11":{"loc":{"start":{"line":138,"column":4},"end":{"line":147,"column":5}},"type":"if","locations":[{"start":{"line":138,"column":4},"end":{"line":147,"column":5}},{"start":{},"end":{}}],"line":138},"12":{"loc":{"start":{"line":139,"column":6},"end":{"line":142,"column":20}},"type":"binary-expr","locations":[{"start":{"line":139,"column":6},"end":{"line":139,"column":27}},{"start":{"line":140,"column":6},"end":{"line":140,"column":29}},{"start":{"line":141,"column":6},"end":{"line":141,"column":34}},{"start":{"line":142,"column":6},"end":{"line":142,"column":20}}],"line":139},"13":{"loc":{"start":{"line":156,"column":2},"end":{"line":172,"column":3}},"type":"if","locations":[{"start":{"line":156,"column":2},"end":{"line":172,"column":3}},{"start":{},"end":{}}],"line":156},"14":{"loc":{"start":{"line":161,"column":4},"end":{"line":167,"column":5}},"type":"if","locations":[{"start":{"line":161,"column":4},"end":{"line":167,"column":5}},{"start":{},"end":{}}],"line":161},"15":{"loc":{"start":{"line":168,"column":4},"end":{"line":170,"column":5}},"type":"if","locations":[{"start":{"line":168,"column":4},"end":{"line":170,"column":5}},{"start":{},"end":{}}],"line":168},"16":{"loc":{"start":{"line":174,"column":2},"end":{"line":176,"column":3}},"type":"if","locations":[{"start":{"line":174,"column":2},"end":{"line":176,"column":3}},{"start":{},"end":{}}],"line":174},"17":{"loc":{"start":{"line":174,"column":6},"end":{"line":174,"column":46}},"type":"binary-expr","locations":[{"start":{"line":174,"column":6},"end":{"line":174,"column":24}},{"start":{"line":174,"column":28},"end":{"line":174,"column":46}}],"line":174},"18":{"loc":{"start":{"line":177,"column":2},"end":{"line":179,"column":3}},"type":"if","locations":[{"start":{"line":177,"column":2},"end":{"line":179,"column":3}},{"start":{},"end":{}}],"line":177},"19":{"loc":{"start":{"line":177,"column":6},"end":{"line":177,"column":46}},"type":"binary-expr","locations":[{"start":{"line":177,"column":6},"end":{"line":177,"column":22}},{"start":{"line":177,"column":26},"end":{"line":177,"column":46}}],"line":177},"20":{"loc":{"start":{"line":182,"column":2},"end":{"line":184,"column":3}},"type":"if","locations":[{"start":{"line":182,"column":2},"end":{"line":184,"column":3}},{"start":{},"end":{}}],"line":182},"21":{"loc":{"start":{"line":185,"column":2},"end":{"line":191,"column":3}},"type":"if","locations":[{"start":{"line":185,"column":2},"end":{"line":191,"column":3}},{"start":{},"end":{}}],"line":185},"22":{"loc":{"start":{"line":221,"column":2},"end":{"line":221,"column":60}},"type":"if","locations":[{"start":{"line":221,"column":2},"end":{"line":221,"column":60}},{"start":{},"end":{}}],"line":221},"23":{"loc":{"start":{"line":225,"column":2},"end":{"line":230,"column":3}},"type":"if","locations":[{"start":{"line":225,"column":2},"end":{"line":230,"column":3}},{"start":{},"end":{}}],"line":225},"24":{"loc":{"start":{"line":226,"column":4},"end":{"line":226,"column":69}},"type":"if","locations":[{"start":{"line":226,"column":4},"end":{"line":226,"column":69}},{"start":{},"end":{}}],"line":226},"25":{"loc":{"start":{"line":226,"column":8},"end":{"line":226,"column":45}},"type":"binary-expr","locations":[{"start":{"line":226,"column":8},"end":{"line":226,"column":30}},{"start":{"line":226,"column":34},"end":{"line":226,"column":45}}],"line":226},"26":{"loc":{"start":{"line":227,"column":4},"end":{"line":227,"column":69}},"type":"if","locations":[{"start":{"line":227,"column":4},"end":{"line":227,"column":69}},{"start":{},"end":{}}],"line":227},"27":{"loc":{"start":{"line":227,"column":8},"end":{"line":227,"column":45}},"type":"binary-expr","locations":[{"start":{"line":227,"column":8},"end":{"line":227,"column":30}},{"start":{"line":227,"column":34},"end":{"line":227,"column":45}}],"line":227},"28":{"loc":{"start":{"line":228,"column":4},"end":{"line":228,"column":41}},"type":"if","locations":[{"start":{"line":228,"column":4},"end":{"line":228,"column":41}},{"start":{},"end":{}}],"line":228},"29":{"loc":{"start":{"line":231,"column":2},"end":{"line":231,"column":43}},"type":"if","locations":[{"start":{"line":231,"column":2},"end":{"line":231,"column":43}},{"start":{},"end":{}}],"line":231},"30":{"loc":{"start":{"line":236,"column":2},"end":{"line":247,"column":3}},"type":"switch","locations":[{"start":{"line":237,"column":4},"end":{"line":238,"column":28}},{"start":{"line":239,"column":4},"end":{"line":240,"column":28}},{"start":{"line":241,"column":4},"end":{"line":242,"column":26}},{"start":{"line":243,"column":4},"end":{"line":244,"column":30}},{"start":{"line":245,"column":4},"end":{"line":246,"column":30}}],"line":236},"31":{"loc":{"start":{"line":251,"column":2},"end":{"line":251,"column":42}},"type":"if","locations":[{"start":{"line":251,"column":2},"end":{"line":251,"column":42}},{"start":{},"end":{}}],"line":251},"32":{"loc":{"start":{"line":252,"column":2},"end":{"line":252,"column":39}},"type":"if","locations":[{"start":{"line":252,"column":2},"end":{"line":252,"column":39}},{"start":{},"end":{}}],"line":252},"33":{"loc":{"start":{"line":278,"column":13},"end":{"line":278,"column":37}},"type":"binary-expr","locations":[{"start":{"line":278,"column":13},"end":{"line":278,"column":29}},{"start":{"line":278,"column":33},"end":{"line":278,"column":37}}],"line":278},"34":{"loc":{"start":{"line":279,"column":17},"end":{"line":279,"column":61}},"type":"cond-expr","locations":[{"start":{"line":279,"column":35},"end":{"line":279,"column":57}},{"start":{"line":279,"column":60},"end":{"line":279,"column":61}}],"line":279},"35":{"loc":{"start":{"line":283,"column":2},"end":{"line":283,"column":52}},"type":"if","locations":[{"start":{"line":283,"column":2},"end":{"line":283,"column":52}},{"start":{},"end":{}}],"line":283},"36":{"loc":{"start":{"line":290,"column":12},"end":{"line":290,"column":50}},"type":"cond-expr","locations":[{"start":{"line":290,"column":27},"end":{"line":290,"column":38}},{"start":{"line":290,"column":41},"end":{"line":290,"column":50}}],"line":290},"37":{"loc":{"start":{"line":316,"column":2},"end":{"line":316,"column":32}},"type":"if","locations":[{"start":{"line":316,"column":2},"end":{"line":316,"column":32}},{"start":{},"end":{}}],"line":316},"38":{"loc":{"start":{"line":317,"column":15},"end":{"line":317,"column":29}},"type":"binary-expr","locations":[{"start":{"line":317,"column":15},"end":{"line":317,"column":23}},{"start":{"line":317,"column":27},"end":{"line":317,"column":29}}],"line":317},"39":{"loc":{"start":{"line":323,"column":2},"end":{"line":323,"column":56}},"type":"default-arg","locations":[{"start":{"line":323,"column":39},"end":{"line":323,"column":56}}],"line":323},"40":{"loc":{"start":{"line":350,"column":2},"end":{"line":350,"column":56}},"type":"default-arg","locations":[{"start":{"line":350,"column":39},"end":{"line":350,"column":56}}],"line":350},"41":{"loc":{"start":{"line":361,"column":4},"end":{"line":361,"column":32}},"type":"if","locations":[{"start":{"line":361,"column":4},"end":{"line":361,"column":32}},{"start":{},"end":{}}],"line":361},"42":{"loc":{"start":{"line":363,"column":4},"end":{"line":363,"column":72}},"type":"if","locations":[{"start":{"line":363,"column":4},"end":{"line":363,"column":72}},{"start":{},"end":{}}],"line":363},"43":{"loc":{"start":{"line":371,"column":14},"end":{"line":371,"column":50}},"type":"cond-expr","locations":[{"start":{"line":371,"column":27},"end":{"line":371,"column":38}},{"start":{"line":371,"column":41},"end":{"line":371,"column":50}}],"line":371},"44":{"loc":{"start":{"line":381,"column":4},"end":{"line":383,"column":5}},"type":"if","locations":[{"start":{"line":381,"column":4},"end":{"line":383,"column":5}},{"start":{},"end":{}}],"line":381},"45":{"loc":{"start":{"line":381,"column":8},"end":{"line":381,"column":41}},"type":"binary-expr","locations":[{"start":{"line":381,"column":8},"end":{"line":381,"column":23}},{"start":{"line":381,"column":27},"end":{"line":381,"column":41}}],"line":381},"46":{"loc":{"start":{"line":384,"column":4},"end":{"line":386,"column":5}},"type":"if","locations":[{"start":{"line":384,"column":4},"end":{"line":386,"column":5}},{"start":{},"end":{}}],"line":384},"47":{"loc":{"start":{"line":403,"column":6},"end":{"line":403,"column":34}},"type":"if","locations":[{"start":{"line":403,"column":6},"end":{"line":403,"column":34}},{"start":{},"end":{}}],"line":403},"48":{"loc":{"start":{"line":404,"column":6},"end":{"line":404,"column":56}},"type":"if","locations":[{"start":{"line":404,"column":6},"end":{"line":404,"column":56}},{"start":{},"end":{}}],"line":404},"49":{"loc":{"start":{"line":405,"column":6},"end":{"line":405,"column":51}},"type":"if","locations":[{"start":{"line":405,"column":6},"end":{"line":405,"column":51}},{"start":{},"end":{}}],"line":405},"50":{"loc":{"start":{"line":405,"column":10},"end":{"line":405,"column":40}},"type":"binary-expr","locations":[{"start":{"line":405,"column":10},"end":{"line":405,"column":26}},{"start":{"line":405,"column":30},"end":{"line":405,"column":40}}],"line":405},"51":{"loc":{"start":{"line":406,"column":6},"end":{"line":406,"column":50}},"type":"if","locations":[{"start":{"line":406,"column":6},"end":{"line":406,"column":50}},{"start":{},"end":{}}],"line":406},"52":{"loc":{"start":{"line":419,"column":8},"end":{"line":420,"column":63}},"type":"binary-expr","locations":[{"start":{"line":419,"column":8},"end":{"line":419,"column":23}},{"start":{"line":420,"column":8},"end":{"line":420,"column":63}}],"line":419},"53":{"loc":{"start":{"line":430,"column":6},"end":{"line":432,"column":11}},"type":"cond-expr","locations":[{"start":{"line":431,"column":10},"end":{"line":431,"column":64}},{"start":{"line":432,"column":10},"end":{"line":432,"column":11}}],"line":430},"54":{"loc":{"start":{"line":434,"column":6},"end":{"line":436,"column":11}},"type":"cond-expr","locations":[{"start":{"line":435,"column":10},"end":{"line":435,"column":62}},{"start":{"line":436,"column":10},"end":{"line":436,"column":11}}],"line":434},"55":{"loc":{"start":{"line":437,"column":21},"end":{"line":437,"column":60}},"type":"cond-expr","locations":[{"start":{"line":437,"column":37},"end":{"line":437,"column":46}},{"start":{"line":437,"column":49},"end":{"line":437,"column":60}}],"line":437},"56":{"loc":{"start":{"line":451,"column":4},"end":{"line":485,"column":5}},"type":"if","locations":[{"start":{"line":451,"column":4},"end":{"line":485,"column":5}},{"start":{"line":473,"column":11},"end":{"line":485,"column":5}}],"line":451},"57":{"loc":{"start":{"line":452,"column":6},"end":{"line":454,"column":31}},"type":"binary-expr","locations":[{"start":{"line":452,"column":6},"end":{"line":452,"column":37}},{"start":{"line":453,"column":6},"end":{"line":453,"column":44}},{"start":{"line":454,"column":6},"end":{"line":454,"column":31}}],"line":452},"58":{"loc":{"start":{"line":457,"column":8},"end":{"line":461,"column":55}},"type":"cond-expr","locations":[{"start":{"line":458,"column":12},"end":{"line":458,"column":32}},{"start":{"line":459,"column":12},"end":{"line":461,"column":55}}],"line":457},"59":{"loc":{"start":{"line":459,"column":12},"end":{"line":461,"column":55}},"type":"cond-expr","locations":[{"start":{"line":460,"column":14},"end":{"line":460,"column":34}},{"start":{"line":461,"column":14},"end":{"line":461,"column":55}}],"line":459},"60":{"loc":{"start":{"line":463,"column":6},"end":{"line":472,"column":7}},"type":"if","locations":[{"start":{"line":463,"column":6},"end":{"line":472,"column":7}},{"start":{},"end":{}}],"line":463},"61":{"loc":{"start":{"line":465,"column":8},"end":{"line":471,"column":9}},"type":"if","locations":[{"start":{"line":465,"column":8},"end":{"line":471,"column":9}},{"start":{},"end":{}}],"line":465},"62":{"loc":{"start":{"line":473,"column":11},"end":{"line":485,"column":5}},"type":"if","locations":[{"start":{"line":473,"column":11},"end":{"line":485,"column":5}},{"start":{},"end":{}}],"line":473},"63":{"loc":{"start":{"line":474,"column":6},"end":{"line":477,"column":24}},"type":"binary-expr","locations":[{"start":{"line":474,"column":6},"end":{"line":474,"column":34}},{"start":{"line":475,"column":6},"end":{"line":475,"column":51}},{"start":{"line":476,"column":6},"end":{"line":476,"column":24}},{"start":{"line":477,"column":6},"end":{"line":477,"column":24}}],"line":474},"64":{"loc":{"start":{"line":480,"column":6},"end":{"line":480,"column":63}},"type":"if","locations":[{"start":{"line":480,"column":6},"end":{"line":480,"column":63}},{"start":{},"end":{}}],"line":480},"65":{"loc":{"start":{"line":483,"column":22},"end":{"line":483,"column":53}},"type":"binary-expr","locations":[{"start":{"line":483,"column":22},"end":{"line":483,"column":45}},{"start":{"line":483,"column":49},"end":{"line":483,"column":53}}],"line":483},"66":{"loc":{"start":{"line":487,"column":4},"end":{"line":515,"column":5}},"type":"if","locations":[{"start":{"line":487,"column":4},"end":{"line":515,"column":5}},{"start":{},"end":{}}],"line":487},"67":{"loc":{"start":{"line":492,"column":6},"end":{"line":494,"column":7}},"type":"if","locations":[{"start":{"line":492,"column":6},"end":{"line":494,"column":7}},{"start":{},"end":{}}],"line":492},"68":{"loc":{"start":{"line":499,"column":19},"end":{"line":499,"column":55}},"type":"cond-expr","locations":[{"start":{"line":499,"column":35},"end":{"line":499,"column":44}},{"start":{"line":499,"column":47},"end":{"line":499,"column":55}}],"line":499},"69":{"loc":{"start":{"line":512,"column":6},"end":{"line":514,"column":7}},"type":"if","locations":[{"start":{"line":512,"column":6},"end":{"line":514,"column":7}},{"start":{},"end":{}}],"line":512},"70":{"loc":{"start":{"line":512,"column":10},"end":{"line":512,"column":73}},"type":"binary-expr","locations":[{"start":{"line":512,"column":10},"end":{"line":512,"column":41}},{"start":{"line":512,"column":45},"end":{"line":512,"column":73}}],"line":512},"71":{"loc":{"start":{"line":517,"column":4},"end":{"line":770,"column":5}},"type":"switch","locations":[{"start":{"line":518,"column":6},"end":{"line":534,"column":7}},{"start":{"line":535,"column":6},"end":{"line":548,"column":14}},{"start":{"line":549,"column":6},"end":{"line":572,"column":14}},{"start":{"line":573,"column":6},"end":{"line":620,"column":7}},{"start":{"line":621,"column":6},"end":{"line":664,"column":14}},{"start":{"line":665,"column":6},"end":{"line":694,"column":7}},{"start":{"line":695,"column":6},"end":{"line":720,"column":7}},{"start":{"line":721,"column":6},"end":{"line":736,"column":7}},{"start":{"line":737,"column":6},"end":{"line":769,"column":7}}],"line":517},"72":{"loc":{"start":{"line":520,"column":8},"end":{"line":520,"column":62}},"type":"if","locations":[{"start":{"line":520,"column":8},"end":{"line":520,"column":62}},{"start":{},"end":{}}],"line":520},"73":{"loc":{"start":{"line":554,"column":21},"end":{"line":554,"column":56}},"type":"cond-expr","locations":[{"start":{"line":554,"column":37},"end":{"line":554,"column":46}},{"start":{"line":554,"column":49},"end":{"line":554,"column":56}}],"line":554},"74":{"loc":{"start":{"line":599,"column":8},"end":{"line":599,"column":38}},"type":"if","locations":[{"start":{"line":599,"column":8},"end":{"line":599,"column":38}},{"start":{},"end":{}}],"line":599},"75":{"loc":{"start":{"line":606,"column":8},"end":{"line":606,"column":69}},"type":"if","locations":[{"start":{"line":606,"column":8},"end":{"line":606,"column":69}},{"start":{},"end":{}}],"line":606},"76":{"loc":{"start":{"line":669,"column":8},"end":{"line":669,"column":67}},"type":"if","locations":[{"start":{"line":669,"column":8},"end":{"line":669,"column":67}},{"start":{},"end":{}}],"line":669},"77":{"loc":{"start":{"line":738,"column":8},"end":{"line":738,"column":51}},"type":"if","locations":[{"start":{"line":738,"column":8},"end":{"line":738,"column":51}},{"start":{},"end":{}}],"line":738},"78":{"loc":{"start":{"line":740,"column":10},"end":{"line":742,"column":55}},"type":"cond-expr","locations":[{"start":{"line":741,"column":14},"end":{"line":741,"column":55}},{"start":{"line":742,"column":14},"end":{"line":742,"column":55}}],"line":740},"79":{"loc":{"start":{"line":777,"column":4},"end":{"line":814,"column":5}},"type":"if","locations":[{"start":{"line":777,"column":4},"end":{"line":814,"column":5}},{"start":{},"end":{}}],"line":777},"80":{"loc":{"start":{"line":777,"column":8},"end":{"line":777,"column":34}},"type":"binary-expr","locations":[{"start":{"line":777,"column":8},"end":{"line":777,"column":24}},{"start":{"line":777,"column":28},"end":{"line":777,"column":34}}],"line":777},"81":{"loc":{"start":{"line":779,"column":6},"end":{"line":813,"column":7}},"type":"if","locations":[{"start":{"line":779,"column":6},"end":{"line":813,"column":7}},{"start":{},"end":{}}],"line":779},"82":{"loc":{"start":{"line":779,"column":10},"end":{"line":779,"column":66}},"type":"binary-expr","locations":[{"start":{"line":779,"column":10},"end":{"line":779,"column":26}},{"start":{"line":779,"column":30},"end":{"line":779,"column":66}}],"line":779},"83":{"loc":{"start":{"line":783,"column":8},"end":{"line":812,"column":9}},"type":"if","locations":[{"start":{"line":783,"column":8},"end":{"line":812,"column":9}},{"start":{"line":795,"column":15},"end":{"line":812,"column":9}}],"line":783},"84":{"loc":{"start":{"line":792,"column":23},"end":{"line":792,"column":60}},"type":"binary-expr","locations":[{"start":{"line":792,"column":23},"end":{"line":792,"column":38}},{"start":{"line":792,"column":42},"end":{"line":792,"column":60}}],"line":792},"85":{"loc":{"start":{"line":799,"column":10},"end":{"line":799,"column":71}},"type":"if","locations":[{"start":{"line":799,"column":10},"end":{"line":799,"column":71}},{"start":{},"end":{}}],"line":799},"86":{"loc":{"start":{"line":816,"column":4},"end":{"line":857,"column":5}},"type":"if","locations":[{"start":{"line":816,"column":4},"end":{"line":857,"column":5}},{"start":{},"end":{}}],"line":816},"87":{"loc":{"start":{"line":816,"column":8},"end":{"line":816,"column":70}},"type":"binary-expr","locations":[{"start":{"line":816,"column":8},"end":{"line":816,"column":17}},{"start":{"line":816,"column":21},"end":{"line":816,"column":30}},{"start":{"line":816,"column":34},"end":{"line":816,"column":70}}],"line":816},"88":{"loc":{"start":{"line":823,"column":23},"end":{"line":823,"column":75}},"type":"cond-expr","locations":[{"start":{"line":823,"column":44},"end":{"line":823,"column":64}},{"start":{"line":823,"column":67},"end":{"line":823,"column":75}}],"line":823},"89":{"loc":{"start":{"line":825,"column":8},"end":{"line":828,"column":38}},"type":"cond-expr","locations":[{"start":{"line":826,"column":12},"end":{"line":826,"column":42}},{"start":{"line":827,"column":13},"end":{"line":828,"column":37}}],"line":825},"90":{"loc":{"start":{"line":827,"column":13},"end":{"line":828,"column":37}},"type":"binary-expr","locations":[{"start":{"line":827,"column":14},"end":{"line":827,"column":72}},{"start":{"line":828,"column":12},"end":{"line":828,"column":37}}],"line":827},"91":{"loc":{"start":{"line":827,"column":14},"end":{"line":827,"column":72}},"type":"cond-expr","locations":[{"start":{"line":827,"column":31},"end":{"line":827,"column":60}},{"start":{"line":827,"column":63},"end":{"line":827,"column":72}}],"line":827},"92":{"loc":{"start":{"line":831,"column":6},"end":{"line":856,"column":7}},"type":"if","locations":[{"start":{"line":831,"column":6},"end":{"line":856,"column":7}},{"start":{"line":843,"column":13},"end":{"line":856,"column":7}}],"line":831}},"s":{"0":224,"1":242,"2":242,"3":246,"4":242,"5":55,"6":55,"7":59,"8":41,"9":18,"10":22,"11":55,"12":55,"13":20,"14":19,"15":55,"16":125,"17":125,"18":115,"19":102,"20":13,"21":15,"22":125,"23":135,"24":114,"25":21,"26":25,"27":125,"28":125,"29":30,"30":28,"31":125,"32":1,"33":67,"34":67,"35":67,"36":67,"37":67,"38":2,"39":65,"40":27,"41":4,"42":23,"43":38,"44":8,"45":8,"46":2,"47":6,"48":4,"49":2,"50":30,"51":4,"52":26,"53":3,"54":23,"55":23,"56":12,"57":11,"58":4,"59":7,"60":11,"61":30,"62":2,"63":28,"64":33,"65":28,"66":33,"67":28,"68":14,"69":3,"70":11,"71":2,"72":9,"73":6,"74":3,"75":14,"76":13,"77":1,"78":21,"79":2,"80":1,"81":5,"82":12,"83":1,"84":21,"85":12,"86":9,"87":5,"88":4,"89":21,"90":21,"91":21,"92":21,"93":21,"94":0,"95":21,"96":28,"97":158,"98":157,"99":1,"100":0,"101":0,"102":0,"103":0,"104":0,"105":0,"106":0,"107":0,"108":0,"109":0,"110":0,"111":0,"112":35,"113":108,"114":35,"115":35,"116":35,"117":24,"118":24,"119":0,"120":24,"121":24,"122":0,"123":24,"124":35,"125":35,"126":140,"127":140,"128":43,"129":140,"130":45,"131":35,"132":35,"133":25,"134":70,"135":70,"136":0,"137":70,"138":3,"139":67,"140":0,"141":67,"142":19,"143":6,"144":35,"145":44,"146":785,"147":44,"148":785,"149":44,"150":44,"151":44,"152":43,"153":44,"154":45,"155":44,"156":44,"157":44,"158":16,"159":16,"160":6,"161":6,"162":2,"163":2,"164":28,"165":19,"166":19,"167":17,"168":19,"169":44,"170":21,"171":21,"172":19,"173":21,"174":21,"175":19,"176":25,"177":2,"178":2,"179":0,"180":2,"181":2,"182":1,"183":1,"184":12,"185":12,"186":2,"187":2,"188":1,"189":1,"190":1,"191":0,"192":1,"193":1,"194":5,"195":5,"196":5,"197":0,"198":0,"199":0,"200":0,"201":0,"202":0,"203":2,"204":2,"205":2,"206":0,"207":0,"208":1,"209":0,"210":1,"211":1,"212":1,"213":35,"214":35,"215":35,"216":140,"217":97,"218":1260,"219":97,"220":49,"221":49,"222":49,"223":49,"224":12,"225":37,"226":37,"227":0,"228":37,"229":140,"230":52,"231":52,"232":52,"233":1330,"234":52,"235":1330,"236":52,"237":52,"238":52,"239":52,"240":52,"241":52,"242":7,"243":45,"244":35,"245":481,"246":35},"f":{"0":224,"1":242,"2":55,"3":125,"4":1,"5":67,"6":11,"7":30,"8":33,"9":33,"10":21,"11":21,"12":21,"13":28,"14":158,"15":0,"16":0,"17":0,"18":0,"19":0,"20":35,"21":108,"22":25,"23":785,"24":785,"25":43,"26":45,"27":1260,"28":1330,"29":1330,"30":481},"b":{"0":[41,18],"1":[22,20],"2":[19,1],"3":[102,13],"4":[15,15],"5":[114,21],"6":[25,15],"7":[28,2],"8":[2,65],"9":[67,25],"10":[27,38],"11":[4,23],"12":[27,8,8,6],"13":[8,30],"14":[2,6],"15":[4,2],"16":[4,26],"17":[30,4],"18":[3,23],"19":[26,26],"20":[12,11],"21":[4,7],"22":[2,28],"23":[14,14],"24":[3,11],"25":[14,5],"26":[2,9],"27":[11,2],"28":[6,3],"29":[13,1],"30":[2,1,5,12,1],"31":[12,9],"32":[5,4],"33":[21,0],"34":[21,0],"35":[0,21],"36":[20,1],"37":[157,1],"38":[1,0],"39":[0],"40":[33],"41":[0,24],"42":[0,24],"43":[23,1],"44":[43,97],"45":[140,43],"46":[45,95],"47":[0,70],"48":[3,67],"49":[0,67],"50":[67,0],"51":[19,48],"52":[785,316],"53":[42,2],"54":[23,21],"55":[42,2],"56":[16,28],"57":[44,42,40],"58":[2,14],"59":[2,12],"60":[6,10],"61":[2,4],"62":[19,9],"63":[28,20,20,19],"64":[17,2],"65":[19,2],"66":[21,23],"67":[19,2],"68":[21,0],"69":[19,2],"70":[21,21],"71":[2,1,12,2,5,0,2,0,1],"72":[0,2],"73":[12,0],"74":[1,1],"75":[0,1],"76":[0,0],"77":[0,1],"78":[0,1],"79":[97,43],"80":[140,97],"81":[49,48],"82":[97,49],"83":[12,37],"84":[12,12],"85":[0,37],"86":[52,88],"87":[140,110,65],"88":[48,4],"89":[48,4],"90":[4,3],"91":[1,3],"92":[7,45]},"_coverageSchema":"1a1c01bbd47fc00a2c39e90264f33305004495a9","hash":"9902a21cdcf64e33d733c9c508338ac87ef79a23"}
,"/home/pietro/workspace/ark/trixie-wallet/app/services/arkade/swap-mappers.ts": {"path":"/home/pietro/workspace/ark/trixie-wallet/app/services/arkade/swap-mappers.ts","statementMap":{"0":{"start":{"line":34,"column":2},"end":{"line":34,"column":57}},"1":{"start":{"line":34,"column":38},"end":{"line":34,"column":57}},"2":{"start":{"line":35,"column":2},"end":{"line":35,"column":53}},"3":{"start":{"line":35,"column":37},"end":{"line":35,"column":53}},"4":{"start":{"line":36,"column":2},"end":{"line":36,"column":19}},"5":{"start":{"line":40,"column":2},"end":{"line":40,"column":55}},"6":{"start":{"line":40,"column":36},"end":{"line":40,"column":55}},"7":{"start":{"line":41,"column":2},"end":{"line":41,"column":51}},"8":{"start":{"line":41,"column":35},"end":{"line":41,"column":51}},"9":{"start":{"line":44,"column":2},"end":{"line":44,"column":55}},"10":{"start":{"line":44,"column":39},"end":{"line":44,"column":55}},"11":{"start":{"line":45,"column":2},"end":{"line":45,"column":19}},"12":{"start":{"line":49,"column":2},"end":{"line":49,"column":66}},"13":{"start":{"line":49,"column":41},"end":{"line":49,"column":66}},"14":{"start":{"line":50,"column":2},"end":{"line":50,"column":69}},"15":{"start":{"line":50,"column":40},"end":{"line":50,"column":69}},"16":{"start":{"line":51,"column":2},"end":{"line":52,"column":45}},"17":{"start":{"line":52,"column":4},"end":{"line":52,"column":45}},"18":{"start":{"line":53,"column":2},"end":{"line":53,"column":30}},"19":{"start":{"line":57,"column":2},"end":{"line":57,"column":39}},"20":{"start":{"line":57,"column":21},"end":{"line":57,"column":39}},"21":{"start":{"line":58,"column":2},"end":{"line":58,"column":64}},"22":{"start":{"line":58,"column":45},"end":{"line":58,"column":64}},"23":{"start":{"line":59,"column":2},"end":{"line":59,"column":60}},"24":{"start":{"line":59,"column":44},"end":{"line":59,"column":60}},"25":{"start":{"line":60,"column":2},"end":{"line":60,"column":19}},"26":{"start":{"line":82,"column":2},"end":{"line":87,"column":3}},"27":{"start":{"line":83,"column":4},"end":{"line":85,"column":5}},"28":{"start":{"line":84,"column":6},"end":{"line":84,"column":42}},"29":{"start":{"line":86,"column":4},"end":{"line":86,"column":38}},"30":{"start":{"line":88,"column":2},"end":{"line":93,"column":3}},"31":{"start":{"line":92,"column":4},"end":{"line":92,"column":32}},"32":{"start":{"line":94,"column":2},"end":{"line":94,"column":29}},"33":{"start":{"line":113,"column":2},"end":{"line":113,"column":47}},"34":{"start":{"line":113,"column":21},"end":{"line":113,"column":47}},"35":{"start":{"line":114,"column":2},"end":{"line":114,"column":75}},"36":{"start":{"line":114,"column":44},"end":{"line":114,"column":75}},"37":{"start":{"line":115,"column":2},"end":{"line":121,"column":3}},"38":{"start":{"line":120,"column":4},"end":{"line":120,"column":28}},"39":{"start":{"line":122,"column":2},"end":{"line":122,"column":29}},"40":{"start":{"line":128,"column":14},"end":{"line":128,"column":50}},"41":{"start":{"line":129,"column":2},"end":{"line":129,"column":49}},"42":{"start":{"line":129,"column":28},"end":{"line":129,"column":49}},"43":{"start":{"line":130,"column":2},"end":{"line":130,"column":13}},"44":{"start":{"line":137,"column":2},"end":{"line":137,"column":67}},"45":{"start":{"line":137,"column":38},"end":{"line":137,"column":67}},"46":{"start":{"line":138,"column":2},"end":{"line":138,"column":37}},"47":{"start":{"line":145,"column":2},"end":{"line":145,"column":67}},"48":{"start":{"line":145,"column":38},"end":{"line":145,"column":67}},"49":{"start":{"line":146,"column":2},"end":{"line":146,"column":38}},"50":{"start":{"line":162,"column":49},"end":{"line":166,"column":3}},"51":{"start":{"line":167,"column":2},"end":{"line":171,"column":3}},"52":{"start":{"line":168,"column":4},"end":{"line":168,"column":30}},"53":{"start":{"line":169,"column":19},"end":{"line":169,"column":53}},"54":{"start":{"line":170,"column":4},"end":{"line":170,"column":41}},"55":{"start":{"line":170,"column":16},"end":{"line":170,"column":41}},"56":{"start":{"line":172,"column":2},"end":{"line":172,"column":57}},"57":{"start":{"line":172,"column":24},"end":{"line":172,"column":57}},"58":{"start":{"line":173,"column":2},"end":{"line":175,"column":3}},"59":{"start":{"line":174,"column":4},"end":{"line":174,"column":51}},"60":{"start":{"line":176,"column":2},"end":{"line":178,"column":3}},"61":{"start":{"line":177,"column":4},"end":{"line":177,"column":49}},"62":{"start":{"line":179,"column":2},"end":{"line":179,"column":60}},"63":{"start":{"line":179,"column":25},"end":{"line":179,"column":60}},"64":{"start":{"line":180,"column":2},"end":{"line":180,"column":57}},"65":{"start":{"line":180,"column":24},"end":{"line":180,"column":57}},"66":{"start":{"line":181,"column":2},"end":{"line":181,"column":13}},"67":{"start":{"line":189,"column":14},"end":{"line":189,"column":52}},"68":{"start":{"line":190,"column":2},"end":{"line":190,"column":65}},"69":{"start":{"line":190,"column":29},"end":{"line":190,"column":65}},"70":{"start":{"line":191,"column":2},"end":{"line":193,"column":3}},"71":{"start":{"line":192,"column":4},"end":{"line":192,"column":48}},"72":{"start":{"line":194,"column":2},"end":{"line":196,"column":3}},"73":{"start":{"line":195,"column":4},"end":{"line":195,"column":55}},"74":{"start":{"line":197,"column":2},"end":{"line":199,"column":3}},"75":{"start":{"line":198,"column":4},"end":{"line":198,"column":55}},"76":{"start":{"line":203,"column":2},"end":{"line":209,"column":3}},"77":{"start":{"line":207,"column":16},"end":{"line":207,"column":60}},"78":{"start":{"line":208,"column":4},"end":{"line":208,"column":44}},"79":{"start":{"line":208,"column":17},"end":{"line":208,"column":44}},"80":{"start":{"line":210,"column":2},"end":{"line":210,"column":13}},"81":{"start":{"line":218,"column":14},"end":{"line":218,"column":52}},"82":{"start":{"line":219,"column":2},"end":{"line":219,"column":63}},"83":{"start":{"line":219,"column":28},"end":{"line":219,"column":63}},"84":{"start":{"line":220,"column":2},"end":{"line":222,"column":3}},"85":{"start":{"line":221,"column":4},"end":{"line":221,"column":40}},"86":{"start":{"line":223,"column":2},"end":{"line":225,"column":3}},"87":{"start":{"line":224,"column":4},"end":{"line":224,"column":56}},"88":{"start":{"line":229,"column":2},"end":{"line":235,"column":3}},"89":{"start":{"line":233,"column":16},"end":{"line":233,"column":60}},"90":{"start":{"line":234,"column":4},"end":{"line":234,"column":44}},"91":{"start":{"line":234,"column":17},"end":{"line":234,"column":44}},"92":{"start":{"line":236,"column":2},"end":{"line":236,"column":41}},"93":{"start":{"line":236,"column":21},"end":{"line":236,"column":41}},"94":{"start":{"line":237,"column":2},"end":{"line":237,"column":13}},"95":{"start":{"line":250,"column":17},"end":{"line":250,"column":54}},"96":{"start":{"line":251,"column":22},"end":{"line":251,"column":43}},"97":{"start":{"line":252,"column":2},"end":{"line":271,"column":3}},"98":{"start":{"line":253,"column":19},"end":{"line":253,"column":49}},"99":{"start":{"line":254,"column":4},"end":{"line":270,"column":6}},"100":{"start":{"line":272,"column":2},"end":{"line":291,"column":3}},"101":{"start":{"line":273,"column":19},"end":{"line":273,"column":44}},"102":{"start":{"line":274,"column":4},"end":{"line":290,"column":6}},"103":{"start":{"line":294,"column":20},"end":{"line":294,"column":42}},"104":{"start":{"line":295,"column":2},"end":{"line":312,"column":4}},"105":{"start":{"line":320,"column":14},"end":{"line":320,"column":52}},"106":{"start":{"line":321,"column":2},"end":{"line":323,"column":3}},"107":{"start":{"line":322,"column":4},"end":{"line":322,"column":40}},"108":{"start":{"line":327,"column":2},"end":{"line":333,"column":3}},"109":{"start":{"line":331,"column":16},"end":{"line":331,"column":60}},"110":{"start":{"line":332,"column":4},"end":{"line":332,"column":44}},"111":{"start":{"line":332,"column":17},"end":{"line":332,"column":44}},"112":{"start":{"line":334,"column":2},"end":{"line":336,"column":3}},"113":{"start":{"line":335,"column":4},"end":{"line":335,"column":31}},"114":{"start":{"line":337,"column":2},"end":{"line":337,"column":13}},"115":{"start":{"line":357,"column":19},"end":{"line":357,"column":53}},"116":{"start":{"line":358,"column":28},"end":{"line":358,"column":45}},"117":{"start":{"line":359,"column":2},"end":{"line":368,"column":3}},"118":{"start":{"line":360,"column":4},"end":{"line":360,"column":32}},"119":{"start":{"line":360,"column":23},"end":{"line":360,"column":32}},"120":{"start":{"line":361,"column":14},"end":{"line":361,"column":26}},"121":{"start":{"line":362,"column":4},"end":{"line":362,"column":50}},"122":{"start":{"line":363,"column":4},"end":{"line":363,"column":47}},"123":{"start":{"line":364,"column":4},"end":{"line":364,"column":50}},"124":{"start":{"line":365,"column":4},"end":{"line":365,"column":46}},"125":{"start":{"line":369,"column":33},"end":{"line":369,"column":61}},"126":{"start":{"line":370,"column":37},"end":{"line":372,"column":3}},"127":{"start":{"line":371,"column":4},"end":{"line":371,"column":55}},"128":{"start":{"line":373,"column":39},"end":{"line":375,"column":3}},"129":{"start":{"line":374,"column":11},"end":{"line":374,"column":39}},"130":{"start":{"line":380,"column":15},"end":{"line":380,"column":42}},"131":{"start":{"line":381,"column":2},"end":{"line":381,"column":52}},"132":{"start":{"line":381,"column":34},"end":{"line":381,"column":52}},"133":{"start":{"line":382,"column":2},"end":{"line":384,"column":3}},"134":{"start":{"line":383,"column":4},"end":{"line":383,"column":43}},"135":{"start":{"line":383,"column":25},"end":{"line":383,"column":43}},"136":{"start":{"line":385,"column":2},"end":{"line":385,"column":77}},"137":{"start":{"line":385,"column":50},"end":{"line":385,"column":75}}},"fnMap":{"0":{"name":"reverseSwapStatus","decl":{"start":{"line":33,"column":9},"end":{"line":33,"column":26}},"loc":{"start":{"line":33,"column":68},"end":{"line":37,"column":1}},"line":33},"1":{"name":"chainSwapStatus","decl":{"start":{"line":39,"column":9},"end":{"line":39,"column":24}},"loc":{"start":{"line":39,"column":66},"end":{"line":46,"column":1}},"line":39},"2":{"name":"chainSwapTitle","decl":{"start":{"line":48,"column":9},"end":{"line":48,"column":23}},"loc":{"start":{"line":48,"column":54},"end":{"line":54,"column":1}},"line":48},"3":{"name":"submarineSwapStatus","decl":{"start":{"line":56,"column":9},"end":{"line":56,"column":28}},"loc":{"start":{"line":56,"column":71},"end":{"line":61,"column":1}},"line":56},"4":{"name":"reverseTitle","decl":{"start":{"line":81,"column":9},"end":{"line":81,"column":21}},"loc":{"start":{"line":81,"column":54},"end":{"line":95,"column":1}},"line":81},"5":{"name":"submarineTitle","decl":{"start":{"line":112,"column":9},"end":{"line":112,"column":23}},"loc":{"start":{"line":112,"column":58},"end":{"line":123,"column":1}},"line":112},"6":{"name":"metadataBySwapId","decl":{"start":{"line":125,"column":9},"end":{"line":125,"column":25}},"loc":{"start":{"line":127,"column":34},"end":{"line":131,"column":1}},"line":127},"7":{"name":"reverseAmountSats","decl":{"start":{"line":133,"column":9},"end":{"line":133,"column":26}},"loc":{"start":{"line":136,"column":22},"end":{"line":139,"column":1}},"line":136},"8":{"name":"submarineAmountSats","decl":{"start":{"line":141,"column":9},"end":{"line":141,"column":28}},"loc":{"start":{"line":144,"column":22},"end":{"line":147,"column":1}},"line":144},"9":{"name":"baseLightningMetadata","decl":{"start":{"line":157,"column":9},"end":{"line":157,"column":30}},"loc":{"start":{"line":161,"column":37},"end":{"line":182,"column":1}},"line":161},"10":{"name":"reverseLightningMetadata","decl":{"start":{"line":184,"column":9},"end":{"line":184,"column":33}},"loc":{"start":{"line":188,"column":37},"end":{"line":211,"column":1}},"line":188},"11":{"name":"submarineLightningMetadata","decl":{"start":{"line":213,"column":9},"end":{"line":213,"column":35}},"loc":{"start":{"line":217,"column":37},"end":{"line":238,"column":1}},"line":217},"12":{"name":"mapSwapToActivity","decl":{"start":{"line":245,"column":9},"end":{"line":245,"column":26}},"loc":{"start":{"line":249,"column":12},"end":{"line":313,"column":1}},"line":249},"13":{"name":"chainSwapMetadata","decl":{"start":{"line":315,"column":9},"end":{"line":315,"column":26}},"loc":{"start":{"line":319,"column":37},"end":{"line":338,"column":1}},"line":319},"14":{"name":"mergeActivities","decl":{"start":{"line":356,"column":16},"end":{"line":356,"column":31}},"loc":{"start":{"line":356,"column":70},"end":{"line":386,"column":1}},"line":356},"15":{"name":"(anonymous_15)","decl":{"start":{"line":370,"column":55},"end":{"line":370,"column":56}},"loc":{"start":{"line":371,"column":4},"end":{"line":371,"column":55}},"line":371},"16":{"name":"(anonymous_16)","decl":{"start":{"line":374,"column":4},"end":{"line":374,"column":5}},"loc":{"start":{"line":374,"column":11},"end":{"line":374,"column":39}},"line":374},"17":{"name":"(anonymous_17)","decl":{"start":{"line":385,"column":40},"end":{"line":385,"column":41}},"loc":{"start":{"line":385,"column":50},"end":{"line":385,"column":75}},"line":385}},"branchMap":{"0":{"loc":{"start":{"line":34,"column":2},"end":{"line":34,"column":57}},"type":"if","locations":[{"start":{"line":34,"column":2},"end":{"line":34,"column":57}},{"start":{},"end":{}}],"line":34},"1":{"loc":{"start":{"line":35,"column":2},"end":{"line":35,"column":53}},"type":"if","locations":[{"start":{"line":35,"column":2},"end":{"line":35,"column":53}},{"start":{},"end":{}}],"line":35},"2":{"loc":{"start":{"line":40,"column":2},"end":{"line":40,"column":55}},"type":"if","locations":[{"start":{"line":40,"column":2},"end":{"line":40,"column":55}},{"start":{},"end":{}}],"line":40},"3":{"loc":{"start":{"line":41,"column":2},"end":{"line":41,"column":51}},"type":"if","locations":[{"start":{"line":41,"column":2},"end":{"line":41,"column":51}},{"start":{},"end":{}}],"line":41},"4":{"loc":{"start":{"line":44,"column":2},"end":{"line":44,"column":55}},"type":"if","locations":[{"start":{"line":44,"column":2},"end":{"line":44,"column":55}},{"start":{},"end":{}}],"line":44},"5":{"loc":{"start":{"line":49,"column":2},"end":{"line":49,"column":66}},"type":"if","locations":[{"start":{"line":49,"column":2},"end":{"line":49,"column":66}},{"start":{},"end":{}}],"line":49},"6":{"loc":{"start":{"line":50,"column":2},"end":{"line":50,"column":69}},"type":"if","locations":[{"start":{"line":50,"column":2},"end":{"line":50,"column":69}},{"start":{},"end":{}}],"line":50},"7":{"loc":{"start":{"line":51,"column":2},"end":{"line":52,"column":45}},"type":"if","locations":[{"start":{"line":51,"column":2},"end":{"line":52,"column":45}},{"start":{},"end":{}}],"line":51},"8":{"loc":{"start":{"line":57,"column":2},"end":{"line":57,"column":39}},"type":"if","locations":[{"start":{"line":57,"column":2},"end":{"line":57,"column":39}},{"start":{},"end":{}}],"line":57},"9":{"loc":{"start":{"line":58,"column":2},"end":{"line":58,"column":64}},"type":"if","locations":[{"start":{"line":58,"column":2},"end":{"line":58,"column":64}},{"start":{},"end":{}}],"line":58},"10":{"loc":{"start":{"line":59,"column":2},"end":{"line":59,"column":60}},"type":"if","locations":[{"start":{"line":59,"column":2},"end":{"line":59,"column":60}},{"start":{},"end":{}}],"line":59},"11":{"loc":{"start":{"line":82,"column":2},"end":{"line":87,"column":3}},"type":"if","locations":[{"start":{"line":82,"column":2},"end":{"line":87,"column":3}},{"start":{},"end":{}}],"line":82},"12":{"loc":{"start":{"line":83,"column":4},"end":{"line":85,"column":5}},"type":"if","locations":[{"start":{"line":83,"column":4},"end":{"line":85,"column":5}},{"start":{},"end":{}}],"line":83},"13":{"loc":{"start":{"line":88,"column":2},"end":{"line":93,"column":3}},"type":"if","locations":[{"start":{"line":88,"column":2},"end":{"line":93,"column":3}},{"start":{},"end":{}}],"line":88},"14":{"loc":{"start":{"line":89,"column":4},"end":{"line":90,"column":41}},"type":"binary-expr","locations":[{"start":{"line":89,"column":4},"end":{"line":89,"column":39}},{"start":{"line":90,"column":4},"end":{"line":90,"column":41}}],"line":89},"15":{"loc":{"start":{"line":113,"column":2},"end":{"line":113,"column":47}},"type":"if","locations":[{"start":{"line":113,"column":2},"end":{"line":113,"column":47}},{"start":{},"end":{}}],"line":113},"16":{"loc":{"start":{"line":114,"column":2},"end":{"line":114,"column":75}},"type":"if","locations":[{"start":{"line":114,"column":2},"end":{"line":114,"column":75}},{"start":{},"end":{}}],"line":114},"17":{"loc":{"start":{"line":115,"column":2},"end":{"line":121,"column":3}},"type":"if","locations":[{"start":{"line":115,"column":2},"end":{"line":121,"column":3}},{"start":{},"end":{}}],"line":115},"18":{"loc":{"start":{"line":116,"column":4},"end":{"line":118,"column":47}},"type":"binary-expr","locations":[{"start":{"line":116,"column":4},"end":{"line":116,"column":41}},{"start":{"line":117,"column":4},"end":{"line":117,"column":34}},{"start":{"line":118,"column":4},"end":{"line":118,"column":47}}],"line":116},"19":{"loc":{"start":{"line":137,"column":2},"end":{"line":137,"column":67}},"type":"if","locations":[{"start":{"line":137,"column":2},"end":{"line":137,"column":67}},{"start":{},"end":{}}],"line":137},"20":{"loc":{"start":{"line":145,"column":2},"end":{"line":145,"column":67}},"type":"if","locations":[{"start":{"line":145,"column":2},"end":{"line":145,"column":67}},{"start":{},"end":{}}],"line":145},"21":{"loc":{"start":{"line":167,"column":2},"end":{"line":171,"column":3}},"type":"if","locations":[{"start":{"line":167,"column":2},"end":{"line":171,"column":3}},{"start":{},"end":{}}],"line":167},"22":{"loc":{"start":{"line":170,"column":4},"end":{"line":170,"column":41}},"type":"if","locations":[{"start":{"line":170,"column":4},"end":{"line":170,"column":41}},{"start":{},"end":{}}],"line":170},"23":{"loc":{"start":{"line":172,"column":2},"end":{"line":172,"column":57}},"type":"if","locations":[{"start":{"line":172,"column":2},"end":{"line":172,"column":57}},{"start":{},"end":{}}],"line":172},"24":{"loc":{"start":{"line":173,"column":2},"end":{"line":175,"column":3}},"type":"if","locations":[{"start":{"line":173,"column":2},"end":{"line":175,"column":3}},{"start":{},"end":{}}],"line":173},"25":{"loc":{"start":{"line":176,"column":2},"end":{"line":178,"column":3}},"type":"if","locations":[{"start":{"line":176,"column":2},"end":{"line":178,"column":3}},{"start":{},"end":{}}],"line":176},"26":{"loc":{"start":{"line":179,"column":2},"end":{"line":179,"column":60}},"type":"if","locations":[{"start":{"line":179,"column":2},"end":{"line":179,"column":60}},{"start":{},"end":{}}],"line":179},"27":{"loc":{"start":{"line":180,"column":2},"end":{"line":180,"column":57}},"type":"if","locations":[{"start":{"line":180,"column":2},"end":{"line":180,"column":57}},{"start":{},"end":{}}],"line":180},"28":{"loc":{"start":{"line":190,"column":2},"end":{"line":190,"column":65}},"type":"if","locations":[{"start":{"line":190,"column":2},"end":{"line":190,"column":65}},{"start":{},"end":{}}],"line":190},"29":{"loc":{"start":{"line":191,"column":2},"end":{"line":193,"column":3}},"type":"if","locations":[{"start":{"line":191,"column":2},"end":{"line":193,"column":3}},{"start":{},"end":{}}],"line":191},"30":{"loc":{"start":{"line":191,"column":6},"end":{"line":191,"column":58}},"type":"binary-expr","locations":[{"start":{"line":191,"column":6},"end":{"line":191,"column":29}},{"start":{"line":191,"column":33},"end":{"line":191,"column":58}}],"line":191},"31":{"loc":{"start":{"line":194,"column":2},"end":{"line":196,"column":3}},"type":"if","locations":[{"start":{"line":194,"column":2},"end":{"line":196,"column":3}},{"start":{},"end":{}}],"line":194},"32":{"loc":{"start":{"line":194,"column":6},"end":{"line":194,"column":73}},"type":"binary-expr","locations":[{"start":{"line":194,"column":6},"end":{"line":194,"column":35}},{"start":{"line":194,"column":39},"end":{"line":194,"column":73}}],"line":194},"33":{"loc":{"start":{"line":197,"column":2},"end":{"line":199,"column":3}},"type":"if","locations":[{"start":{"line":197,"column":2},"end":{"line":199,"column":3}},{"start":{},"end":{}}],"line":197},"34":{"loc":{"start":{"line":197,"column":6},"end":{"line":197,"column":73}},"type":"binary-expr","locations":[{"start":{"line":197,"column":6},"end":{"line":197,"column":34}},{"start":{"line":197,"column":38},"end":{"line":197,"column":73}}],"line":197},"35":{"loc":{"start":{"line":203,"column":2},"end":{"line":209,"column":3}},"type":"if","locations":[{"start":{"line":203,"column":2},"end":{"line":209,"column":3}},{"start":{},"end":{}}],"line":203},"36":{"loc":{"start":{"line":204,"column":4},"end":{"line":205,"column":44}},"type":"binary-expr","locations":[{"start":{"line":204,"column":4},"end":{"line":204,"column":45}},{"start":{"line":205,"column":4},"end":{"line":205,"column":44}}],"line":204},"37":{"loc":{"start":{"line":208,"column":4},"end":{"line":208,"column":44}},"type":"if","locations":[{"start":{"line":208,"column":4},"end":{"line":208,"column":44}},{"start":{},"end":{}}],"line":208},"38":{"loc":{"start":{"line":219,"column":2},"end":{"line":219,"column":63}},"type":"if","locations":[{"start":{"line":219,"column":2},"end":{"line":219,"column":63}},{"start":{},"end":{}}],"line":219},"39":{"loc":{"start":{"line":220,"column":2},"end":{"line":222,"column":3}},"type":"if","locations":[{"start":{"line":220,"column":2},"end":{"line":222,"column":3}},{"start":{},"end":{}}],"line":220},"40":{"loc":{"start":{"line":220,"column":6},"end":{"line":220,"column":50}},"type":"binary-expr","locations":[{"start":{"line":220,"column":6},"end":{"line":220,"column":29}},{"start":{"line":220,"column":33},"end":{"line":220,"column":50}}],"line":220},"41":{"loc":{"start":{"line":223,"column":2},"end":{"line":225,"column":3}},"type":"if","locations":[{"start":{"line":223,"column":2},"end":{"line":225,"column":3}},{"start":{},"end":{}}],"line":223},"42":{"loc":{"start":{"line":223,"column":6},"end":{"line":223,"column":74}},"type":"binary-expr","locations":[{"start":{"line":223,"column":6},"end":{"line":223,"column":34}},{"start":{"line":223,"column":38},"end":{"line":223,"column":74}}],"line":223},"43":{"loc":{"start":{"line":229,"column":2},"end":{"line":235,"column":3}},"type":"if","locations":[{"start":{"line":229,"column":2},"end":{"line":235,"column":3}},{"start":{},"end":{}}],"line":229},"44":{"loc":{"start":{"line":230,"column":4},"end":{"line":231,"column":45}},"type":"binary-expr","locations":[{"start":{"line":230,"column":4},"end":{"line":230,"column":44}},{"start":{"line":231,"column":4},"end":{"line":231,"column":45}}],"line":230},"45":{"loc":{"start":{"line":234,"column":4},"end":{"line":234,"column":44}},"type":"if","locations":[{"start":{"line":234,"column":4},"end":{"line":234,"column":44}},{"start":{},"end":{}}],"line":234},"46":{"loc":{"start":{"line":236,"column":2},"end":{"line":236,"column":41}},"type":"if","locations":[{"start":{"line":236,"column":2},"end":{"line":236,"column":41}},{"start":{},"end":{}}],"line":236},"47":{"loc":{"start":{"line":250,"column":17},"end":{"line":250,"column":54}},"type":"binary-expr","locations":[{"start":{"line":250,"column":17},"end":{"line":250,"column":33}},{"start":{"line":250,"column":37},"end":{"line":250,"column":54}}],"line":250},"48":{"loc":{"start":{"line":252,"column":2},"end":{"line":271,"column":3}},"type":"if","locations":[{"start":{"line":252,"column":2},"end":{"line":271,"column":3}},{"start":{},"end":{}}],"line":252},"49":{"loc":{"start":{"line":272,"column":2},"end":{"line":291,"column":3}},"type":"if","locations":[{"start":{"line":272,"column":2},"end":{"line":291,"column":3}},{"start":{},"end":{}}],"line":272},"50":{"loc":{"start":{"line":277,"column":17},"end":{"line":277,"column":53}},"type":"cond-expr","locations":[{"start":{"line":277,"column":41},"end":{"line":277,"column":45}},{"start":{"line":277,"column":48},"end":{"line":277,"column":53}}],"line":277},"51":{"loc":{"start":{"line":300,"column":6},"end":{"line":300,"column":75}},"type":"binary-expr","locations":[{"start":{"line":300,"column":6},"end":{"line":300,"column":29}},{"start":{"line":300,"column":33},"end":{"line":300,"column":55}},{"start":{"line":300,"column":59},"end":{"line":300,"column":75}}],"line":300},"52":{"loc":{"start":{"line":321,"column":2},"end":{"line":323,"column":3}},"type":"if","locations":[{"start":{"line":321,"column":2},"end":{"line":323,"column":3}},{"start":{},"end":{}}],"line":321},"53":{"loc":{"start":{"line":327,"column":2},"end":{"line":333,"column":3}},"type":"if","locations":[{"start":{"line":327,"column":2},"end":{"line":333,"column":3}},{"start":{},"end":{}}],"line":327},"54":{"loc":{"start":{"line":328,"column":4},"end":{"line":329,"column":45}},"type":"binary-expr","locations":[{"start":{"line":328,"column":4},"end":{"line":328,"column":44}},{"start":{"line":329,"column":4},"end":{"line":329,"column":45}}],"line":328},"55":{"loc":{"start":{"line":332,"column":4},"end":{"line":332,"column":44}},"type":"if","locations":[{"start":{"line":332,"column":4},"end":{"line":332,"column":44}},{"start":{},"end":{}}],"line":332},"56":{"loc":{"start":{"line":334,"column":2},"end":{"line":336,"column":3}},"type":"if","locations":[{"start":{"line":334,"column":2},"end":{"line":336,"column":3}},{"start":{},"end":{}}],"line":334},"57":{"loc":{"start":{"line":360,"column":4},"end":{"line":360,"column":32}},"type":"if","locations":[{"start":{"line":360,"column":4},"end":{"line":360,"column":32}},{"start":{},"end":{}}],"line":360},"58":{"loc":{"start":{"line":383,"column":4},"end":{"line":383,"column":43}},"type":"if","locations":[{"start":{"line":383,"column":4},"end":{"line":383,"column":43}},{"start":{},"end":{}}],"line":383}},"s":{"0":0,"1":0,"2":0,"3":0,"4":0,"5":0,"6":0,"7":0,"8":0,"9":0,"10":0,"11":0,"12":0,"13":0,"14":0,"15":0,"16":0,"17":0,"18":0,"19":0,"20":0,"21":0,"22":0,"23":0,"24":0,"25":0,"26":0,"27":0,"28":0,"29":0,"30":0,"31":0,"32":0,"33":0,"34":0,"35":0,"36":0,"37":0,"38":0,"39":0,"40":0,"41":0,"42":0,"43":0,"44":0,"45":0,"46":0,"47":0,"48":0,"49":0,"50":0,"51":0,"52":0,"53":0,"54":0,"55":0,"56":0,"57":0,"58":0,"59":0,"60":0,"61":0,"62":0,"63":0,"64":0,"65":0,"66":0,"67":0,"68":0,"69":0,"70":0,"71":0,"72":0,"73":0,"74":0,"75":0,"76":0,"77":0,"78":0,"79":0,"80":0,"81":0,"82":0,"83":0,"84":0,"85":0,"86":0,"87":0,"88":0,"89":0,"90":0,"91":0,"92":0,"93":0,"94":0,"95":0,"96":0,"97":0,"98":0,"99":0,"100":0,"101":0,"102":0,"103":0,"104":0,"105":0,"106":0,"107":0,"108":0,"109":0,"110":0,"111":0,"112":0,"113":0,"114":0,"115":0,"116":0,"117":0,"118":0,"119":0,"120":0,"121":0,"122":0,"123":0,"124":0,"125":0,"126":0,"127":0,"128":0,"129":0,"130":0,"131":0,"132":0,"133":0,"134":0,"135":0,"136":0,"137":0},"f":{"0":0,"1":0,"2":0,"3":0,"4":0,"5":0,"6":0,"7":0,"8":0,"9":0,"10":0,"11":0,"12":0,"13":0,"14":0,"15":0,"16":0,"17":0},"b":{"0":[0,0],"1":[0,0],"2":[0,0],"3":[0,0],"4":[0,0],"5":[0,0],"6":[0,0],"7":[0,0],"8":[0,0],"9":[0,0],"10":[0,0],"11":[0,0],"12":[0,0],"13":[0,0],"14":[0,0],"15":[0,0],"16":[0,0],"17":[0,0],"18":[0,0,0],"19":[0,0],"20":[0,0],"21":[0,0],"22":[0,0],"23":[0,0],"24":[0,0],"25":[0,0],"26":[0,0],"27":[0,0],"28":[0,0],"29":[0,0],"30":[0,0],"31":[0,0],"32":[0,0],"33":[0,0],"34":[0,0],"35":[0,0],"36":[0,0],"37":[0,0],"38":[0,0],"39":[0,0],"40":[0,0],"41":[0,0],"42":[0,0],"43":[0,0],"44":[0,0],"45":[0,0],"46":[0,0],"47":[0,0],"48":[0,0],"49":[0,0],"50":[0,0],"51":[0,0,0],"52":[0,0],"53":[0,0],"54":[0,0],"55":[0,0],"56":[0,0],"57":[0,0],"58":[0,0]}}
}
