TN:
SF:app/services/arkade/activity-history.ts
FN:26,activityId
FN:32,sumValue
FN:38,collectAssets
FN:58,subtractAssets
FN:82,assetDeltas
FN:118,decomposeCommitmentGroup
FN:199,isRenewalGroup
FN:216,classifyAssetActivity
FN:222,(anonymous_8)
FN:223,(anonymous_9)
FN:235,assetTitle
FN:250,assetDirection
FN:256,buildAssetActivity
FN:294,(anonymous_13)
FN:312,withNetwork
FN:320,getActivityHistory
FN:327,(anonymous_16)
FN:331,(anonymous_17)
FN:334,(anonymous_18)
FN:335,(anonymous_19)
FN:345,buildActivityHistory
FN:353,(anonymous_21)
FN:397,(anonymous_22)
FN:412,(anonymous_23)
FN:418,(anonymous_24)
FN:431,(anonymous_25)
FN:435,(anonymous_26)
FN:778,(anonymous_27)
FN:819,(anonymous_28)
FN:820,(anonymous_29)
FN:860,(anonymous_30)
FNF:31
FNH:26
FNDA:224,activityId
FNDA:242,sumValue
FNDA:55,collectAssets
FNDA:125,subtractAssets
FNDA:1,assetDeltas
FNDA:67,decomposeCommitmentGroup
FNDA:11,isRenewalGroup
FNDA:30,classifyAssetActivity
FNDA:33,(anonymous_8)
FNDA:33,(anonymous_9)
FNDA:21,assetTitle
FNDA:21,assetDirection
FNDA:21,buildAssetActivity
FNDA:28,(anonymous_13)
FNDA:158,withNetwork
FNDA:0,getActivityHistory
FNDA:0,(anonymous_16)
FNDA:0,(anonymous_17)
FNDA:0,(anonymous_18)
FNDA:0,(anonymous_19)
FNDA:35,buildActivityHistory
FNDA:108,(anonymous_21)
FNDA:25,(anonymous_22)
FNDA:785,(anonymous_23)
FNDA:785,(anonymous_24)
FNDA:43,(anonymous_25)
FNDA:45,(anonymous_26)
FNDA:1260,(anonymous_27)
FNDA:1330,(anonymous_28)
FNDA:1330,(anonymous_29)
FNDA:481,(anonymous_30)
DA:27,224
DA:33,242
DA:34,246
DA:35,242
DA:39,55
DA:40,55
DA:41,59
DA:42,18
DA:43,22
DA:46,55
DA:47,55
DA:48,20
DA:50,55
DA:62,125
DA:63,125
DA:64,115
DA:65,13
DA:66,15
DA:69,125
DA:70,135
DA:71,21
DA:72,25
DA:75,125
DA:76,125
DA:77,30
DA:79,125
DA:86,1
DA:123,67
DA:124,67
DA:125,67
DA:126,67
DA:128,67
DA:129,2
DA:137,65
DA:138,27
DA:146,4
DA:148,23
DA:156,38
DA:160,8
DA:161,8
DA:162,2
DA:168,6
DA:169,4
DA:171,2
DA:174,30
DA:175,4
DA:177,26
DA:178,3
DA:181,23
DA:182,23
DA:183,12
DA:185,11
DA:186,4
DA:192,7
DA:204,11
DA:221,30
DA:222,33
DA:223,33
DA:225,28
DA:226,14
DA:227,11
DA:228,9
DA:229,3
DA:231,14
DA:232,1
DA:236,21
DA:238,2
DA:240,1
DA:242,5
DA:244,12
DA:246,1
DA:251,21
DA:252,9
DA:253,4
DA:267,21
DA:272,21
DA:273,21
DA:276,21
DA:283,21
DA:284,21
DA:294,28
DA:316,158
DA:317,1
DA:325,0
DA:326,0
DA:327,0
DA:328,0
DA:329,0
DA:330,0
DA:331,0
DA:332,0
DA:334,0
DA:335,0
DA:336,0
DA:352,35
DA:353,108
DA:356,35
DA:357,35
DA:359,35
DA:360,24
DA:361,24
DA:362,24
DA:363,24
DA:364,24
DA:378,35
DA:379,35
DA:380,140
DA:381,140
DA:382,43
DA:384,140
DA:385,45
DA:396,35
DA:397,35
DA:401,25
DA:402,70
DA:403,70
DA:404,70
DA:405,67
DA:406,67
DA:408,6
DA:411,35
DA:412,785
DA:417,44
DA:419,785
DA:422,44
DA:423,44
DA:430,44
DA:431,43
DA:434,44
DA:435,45
DA:437,44
DA:449,44
DA:451,44
DA:457,16
DA:463,16
DA:464,6
DA:465,6
DA:466,2
DA:467,2
DA:473,28
DA:479,19
DA:480,19
DA:481,19
DA:487,44
DA:488,21
DA:492,21
DA:493,19
DA:495,21
DA:512,21
DA:513,19
DA:517,25
DA:519,2
DA:520,2
DA:521,2
DA:533,2
DA:536,1
DA:548,1
DA:550,12
DA:572,12
DA:574,2
DA:599,2
DA:601,1
DA:606,1
DA:607,1
DA:619,1
DA:622,5
DA:645,5
DA:664,5
DA:666,0
DA:669,0
DA:670,0
DA:682,0
DA:693,0
DA:696,2
DA:708,2
DA:719,2
DA:724,0
DA:735,0
DA:738,1
DA:740,1
DA:743,1
DA:768,1
DA:773,35
DA:774,35
DA:776,35
DA:777,140
DA:778,1260
DA:779,97
DA:780,49
DA:781,49
DA:782,49
DA:783,49
DA:784,12
DA:796,37
DA:799,37
DA:800,37
DA:816,140
DA:817,52
DA:818,52
DA:819,1330
DA:820,1330
DA:821,52
DA:822,52
DA:823,52
DA:825,52
DA:829,52
DA:831,52
DA:832,7
DA:844,45
DA:860,481
DA:861,35
LF:211
LH:193
BRDA:41,0,0,41
BRDA:41,0,1,18
BRDA:43,1,0,22
BRDA:43,1,1,20
BRDA:48,2,0,19
BRDA:48,2,1,1
BRDA:64,3,0,102
BRDA:64,3,1,13
BRDA:66,4,0,15
BRDA:66,4,1,15
BRDA:70,5,0,114
BRDA:70,5,1,21
BRDA:72,6,0,25
BRDA:72,6,1,15
BRDA:77,7,0,28
BRDA:77,7,1,2
BRDA:128,8,0,2
BRDA:128,8,1,65
BRDA:128,9,0,67
BRDA:128,9,1,25
BRDA:137,10,0,27
BRDA:137,10,1,38
BRDA:138,11,0,4
BRDA:138,11,1,23
BRDA:139,12,0,27
BRDA:139,12,1,8
BRDA:139,12,2,8
BRDA:139,12,3,6
BRDA:156,13,0,8
BRDA:156,13,1,30
BRDA:161,14,0,2
BRDA:161,14,1,6
BRDA:168,15,0,4
BRDA:168,15,1,2
BRDA:174,16,0,4
BRDA:174,16,1,26
BRDA:174,17,0,30
BRDA:174,17,1,4
BRDA:177,18,0,3
BRDA:177,18,1,23
BRDA:177,19,0,26
BRDA:177,19,1,26
BRDA:182,20,0,12
BRDA:182,20,1,11
BRDA:185,21,0,4
BRDA:185,21,1,7
BRDA:221,22,0,2
BRDA:221,22,1,28
BRDA:225,23,0,14
BRDA:225,23,1,14
BRDA:226,24,0,3
BRDA:226,24,1,11
BRDA:226,25,0,14
BRDA:226,25,1,5
BRDA:227,26,0,2
BRDA:227,26,1,9
BRDA:227,27,0,11
BRDA:227,27,1,2
BRDA:228,28,0,6
BRDA:228,28,1,3
BRDA:231,29,0,13
BRDA:231,29,1,1
BRDA:236,30,0,2
BRDA:236,30,1,1
BRDA:236,30,2,5
BRDA:236,30,3,12
BRDA:236,30,4,1
BRDA:251,31,0,12
BRDA:251,31,1,9
BRDA:252,32,0,5
BRDA:252,32,1,4
BRDA:278,33,0,21
BRDA:278,33,1,0
BRDA:279,34,0,21
BRDA:279,34,1,0
BRDA:283,35,0,0
BRDA:283,35,1,21
BRDA:290,36,0,20
BRDA:290,36,1,1
BRDA:316,37,0,157
BRDA:316,37,1,1
BRDA:317,38,0,1
BRDA:317,38,1,0
BRDA:323,39,0,0
BRDA:350,40,0,33
BRDA:361,41,0,0
BRDA:361,41,1,24
BRDA:363,42,0,0
BRDA:363,42,1,24
BRDA:371,43,0,23
BRDA:371,43,1,1
BRDA:381,44,0,43
BRDA:381,44,1,97
BRDA:381,45,0,140
BRDA:381,45,1,43
BRDA:384,46,0,45
BRDA:384,46,1,95
BRDA:403,47,0,0
BRDA:403,47,1,70
BRDA:404,48,0,3
BRDA:404,48,1,67
BRDA:405,49,0,0
BRDA:405,49,1,67
BRDA:405,50,0,67
BRDA:405,50,1,0
BRDA:406,51,0,19
BRDA:406,51,1,48
BRDA:419,52,0,785
BRDA:419,52,1,316
BRDA:430,53,0,42
BRDA:430,53,1,2
BRDA:434,54,0,23
BRDA:434,54,1,21
BRDA:437,55,0,42
BRDA:437,55,1,2
BRDA:451,56,0,16
BRDA:451,56,1,28
BRDA:452,57,0,44
BRDA:452,57,1,42
BRDA:452,57,2,40
BRDA:457,58,0,2
BRDA:457,58,1,14
BRDA:459,59,0,2
BRDA:459,59,1,12
BRDA:463,60,0,6
BRDA:463,60,1,10
BRDA:465,61,0,2
BRDA:465,61,1,4
BRDA:473,62,0,19
BRDA:473,62,1,9
BRDA:474,63,0,28
BRDA:474,63,1,20
BRDA:474,63,2,20
BRDA:474,63,3,19
BRDA:480,64,0,17
BRDA:480,64,1,2
BRDA:483,65,0,19
BRDA:483,65,1,2
BRDA:487,66,0,21
BRDA:487,66,1,23
BRDA:492,67,0,19
BRDA:492,67,1,2
BRDA:499,68,0,21
BRDA:499,68,1,0
BRDA:512,69,0,19
BRDA:512,69,1,2
BRDA:512,70,0,21
BRDA:512,70,1,21
BRDA:517,71,0,2
BRDA:517,71,1,1
BRDA:517,71,2,12
BRDA:517,71,3,2
BRDA:517,71,4,5
BRDA:517,71,5,0
BRDA:517,71,6,2
BRDA:517,71,7,0
BRDA:517,71,8,1
BRDA:520,72,0,0
BRDA:520,72,1,2
BRDA:554,73,0,12
BRDA:554,73,1,0
BRDA:599,74,0,1
BRDA:599,74,1,1
BRDA:606,75,0,0
BRDA:606,75,1,1
BRDA:669,76,0,0
BRDA:669,76,1,0
BRDA:738,77,0,0
BRDA:738,77,1,1
BRDA:740,78,0,0
BRDA:740,78,1,1
BRDA:777,79,0,97
BRDA:777,79,1,43
BRDA:777,80,0,140
BRDA:777,80,1,97
BRDA:779,81,0,49
BRDA:779,81,1,48
BRDA:779,82,0,97
BRDA:779,82,1,49
BRDA:783,83,0,12
BRDA:783,83,1,37
BRDA:792,84,0,12
BRDA:792,84,1,12
BRDA:799,85,0,0
BRDA:799,85,1,37
BRDA:816,86,0,52
BRDA:816,86,1,88
BRDA:816,87,0,140
BRDA:816,87,1,110
BRDA:816,87,2,65
BRDA:823,88,0,48
BRDA:823,88,1,4
BRDA:825,89,0,48
BRDA:825,89,1,4
BRDA:827,90,0,4
BRDA:827,90,1,3
BRDA:827,91,0,1
BRDA:827,91,1,3
BRDA:831,92,0,7
BRDA:831,92,1,45
BRF:200
BRH:179
end_of_record
TN:
SF:app/services/arkade/swap-mappers.ts
FN:33,reverseSwapStatus
FN:39,chainSwapStatus
FN:48,chainSwapTitle
FN:56,submarineSwapStatus
FN:81,reverseTitle
FN:112,submarineTitle
FN:125,metadataBySwapId
FN:133,reverseAmountSats
FN:141,submarineAmountSats
FN:157,baseLightningMetadata
FN:184,reverseLightningMetadata
FN:213,submarineLightningMetadata
FN:245,mapSwapToActivity
FN:315,chainSwapMetadata
FN:356,mergeActivities
FN:370,(anonymous_15)
FN:374,(anonymous_16)
FN:385,(anonymous_17)
FNF:18
FNH:0
FNDA:0,reverseSwapStatus
FNDA:0,chainSwapStatus
FNDA:0,chainSwapTitle
FNDA:0,submarineSwapStatus
FNDA:0,reverseTitle
FNDA:0,submarineTitle
FNDA:0,metadataBySwapId
FNDA:0,reverseAmountSats
FNDA:0,submarineAmountSats
FNDA:0,baseLightningMetadata
FNDA:0,reverseLightningMetadata
FNDA:0,submarineLightningMetadata
FNDA:0,mapSwapToActivity
FNDA:0,chainSwapMetadata
FNDA:0,mergeActivities
FNDA:0,(anonymous_15)
FNDA:0,(anonymous_16)
FNDA:0,(anonymous_17)
DA:34,0
DA:35,0
DA:36,0
DA:40,0
DA:41,0
DA:44,0
DA:45,0
DA:49,0
DA:50,0
DA:51,0
DA:52,0
DA:53,0
DA:57,0
DA:58,0
DA:59,0
DA:60,0
DA:82,0
DA:83,0
DA:84,0
DA:86,0
DA:88,0
DA:92,0
DA:94,0
DA:113,0
DA:114,0
DA:115,0
DA:120,0
DA:122,0
DA:128,0
DA:129,0
DA:130,0
DA:137,0
DA:138,0
DA:145,0
DA:146,0
DA:162,0
DA:167,0
DA:168,0
DA:169,0
DA:170,0
DA:172,0
DA:173,0
DA:174,0
DA:176,0
DA:177,0
DA:179,0
DA:180,0
DA:181,0
DA:189,0
DA:190,0
DA:191,0
DA:192,0
DA:194,0
DA:195,0
DA:197,0
DA:198,0
DA:203,0
DA:207,0
DA:208,0
DA:210,0
DA:218,0
DA:219,0
DA:220,0
DA:221,0
DA:223,0
DA:224,0
DA:229,0
DA:233,0
DA:234,0
DA:236,0
DA:237,0
DA:250,0
DA:251,0
DA:252,0
DA:253,0
DA:254,0
DA:272,0
DA:273,0
DA:274,0
DA:294,0
DA:295,0
DA:320,0
DA:321,0
DA:322,0
DA:327,0
DA:331,0
DA:332,0
DA:334,0
DA:335,0
DA:337,0
DA:357,0
DA:358,0
DA:359,0
DA:360,0
DA:361,0
DA:362,0
DA:363,0
DA:364,0
DA:365,0
DA:369,0
DA:370,0
DA:371,0
DA:373,0
DA:374,0
DA:380,0
DA:381,0
DA:382,0
DA:383,0
DA:385,0
LF:109
LH:0
BRDA:34,0,0,0
BRDA:34,0,1,0
BRDA:35,1,0,0
BRDA:35,1,1,0
BRDA:40,2,0,0
BRDA:40,2,1,0
BRDA:41,3,0,0
BRDA:41,3,1,0
BRDA:44,4,0,0
BRDA:44,4,1,0
BRDA:49,5,0,0
BRDA:49,5,1,0
BRDA:50,6,0,0
BRDA:50,6,1,0
BRDA:51,7,0,0
BRDA:51,7,1,0
BRDA:57,8,0,0
BRDA:57,8,1,0
BRDA:58,9,0,0
BRDA:58,9,1,0
BRDA:59,10,0,0
BRDA:59,10,1,0
BRDA:82,11,0,0
BRDA:82,11,1,0
BRDA:83,12,0,0
BRDA:83,12,1,0
BRDA:88,13,0,0
BRDA:88,13,1,0
BRDA:89,14,0,0
BRDA:89,14,1,0
BRDA:113,15,0,0
BRDA:113,15,1,0
BRDA:114,16,0,0
BRDA:114,16,1,0
BRDA:115,17,0,0
BRDA:115,17,1,0
BRDA:116,18,0,0
BRDA:116,18,1,0
BRDA:116,18,2,0
BRDA:137,19,0,0
BRDA:137,19,1,0
BRDA:145,20,0,0
BRDA:145,20,1,0
BRDA:167,21,0,0
BRDA:167,21,1,0
BRDA:170,22,0,0
BRDA:170,22,1,0
BRDA:172,23,0,0
BRDA:172,23,1,0
BRDA:173,24,0,0
BRDA:173,24,1,0
BRDA:176,25,0,0
BRDA:176,25,1,0
BRDA:179,26,0,0
BRDA:179,26,1,0
BRDA:180,27,0,0
BRDA:180,27,1,0
BRDA:190,28,0,0
BRDA:190,28,1,0
BRDA:191,29,0,0
BRDA:191,29,1,0
BRDA:191,30,0,0
BRDA:191,30,1,0
BRDA:194,31,0,0
BRDA:194,31,1,0
BRDA:194,32,0,0
BRDA:194,32,1,0
BRDA:197,33,0,0
BRDA:197,33,1,0
BRDA:197,34,0,0
BRDA:197,34,1,0
BRDA:203,35,0,0
BRDA:203,35,1,0
BRDA:204,36,0,0
BRDA:204,36,1,0
BRDA:208,37,0,0
BRDA:208,37,1,0
BRDA:219,38,0,0
BRDA:219,38,1,0
BRDA:220,39,0,0
BRDA:220,39,1,0
BRDA:220,40,0,0
BRDA:220,40,1,0
BRDA:223,41,0,0
BRDA:223,41,1,0
BRDA:223,42,0,0
BRDA:223,42,1,0
BRDA:229,43,0,0
BRDA:229,43,1,0
BRDA:230,44,0,0
BRDA:230,44,1,0
BRDA:234,45,0,0
BRDA:234,45,1,0
BRDA:236,46,0,0
BRDA:236,46,1,0
BRDA:250,47,0,0
BRDA:250,47,1,0
BRDA:252,48,0,0
BRDA:252,48,1,0
BRDA:272,49,0,0
BRDA:272,49,1,0
BRDA:277,50,0,0
BRDA:277,50,1,0
BRDA:300,51,0,0
BRDA:300,51,1,0
BRDA:300,51,2,0
BRDA:321,52,0,0
BRDA:321,52,1,0
BRDA:327,53,0,0
BRDA:327,53,1,0
BRDA:328,54,0,0
BRDA:328,54,1,0
BRDA:332,55,0,0
BRDA:332,55,1,0
BRDA:334,56,0,0
BRDA:334,56,1,0
BRDA:360,57,0,0
BRDA:360,57,1,0
BRDA:383,58,0,0
BRDA:383,58,1,0
BRF:120
BRH:0
end_of_record
